# JRE version: OpenJDK Runtime Environment (8.0_112-b06) (build 1.8.0_112-release-b06)
# Java VM: OpenJDK 64-Bit Server VM (25.112-b06 mixed mode linux-amd64 compressed oops)
Heap:
 PSYoungGen      total 1080832K, used 71330K [0x000000076ab00000, 0x00000007b8a80000, 0x00000007c0000000)
  eden space 926208K, 0% used [0x000000076ab00000,0x000000076ab00000,0x00000007a3380000)
  from space 154624K, 46% used [0x00000007ad300000,0x00000007b18a8960,0x00000007b6a00000)
  to   space 163328K, 0% used [0x00000007a3380000,0x00000007a3380000,0x00000007ad300000)
 ParOldGen       total 647680K, used 647675K [0x00000006c0000000, 0x00000006e7880000, 0x000000076ab00000)
  object space 647680K, 99% used [0x00000006c0000000,0x00000006e787edb0,0x00000006e7880000)
 Metaspace       used 6564K, capacity 7280K, committed 7552K, reserved 1056768K
  class space    used 595K, capacity 616K, committed 640K, reserved 1048576K
GC Heap History (10 events):
Event: 17.656 GC heap after
Heap after GC invocations=18 (full 3):
 PSYoungGen      total 702464K, used 97273K [0x000000076ab00000, 0x00000007a8300000, 0x00000007c0000000)
  eden space 605184K, 0% used [0x000000076ab00000,0x000000076ab00000,0x000000078fa00000)
  from space 97280K, 99% used [0x000000078fa00000,0x00000007958fe5b8,0x0000000795900000)
  to   space 129024K, 0% used [0x00000007a0500000,0x00000007a0500000,0x00000007a8300000)
 ParOldGen       total 439296K, used 317189K [0x00000006c0000000, 0x00000006dad00000, 0x000000076ab00000)
  object space 439296K, 72% used [0x00000006c0000000,0x00000006d35c1468,0x00000006dad00000)
 Metaspace       used 6556K, capacity 7280K, committed 7552K, reserved 1056768K
  class space    used 595K, capacity 616K, committed 640K, reserved 1048576K
}
Event: 25.932 GC heap before
{Heap before GC invocations=19 (full 3):
 PSYoungGen      total 702464K, used 702457K [0x000000076ab00000, 0x00000007a8300000, 0x00000007c0000000)
  eden space 605184K, 100% used [0x000000076ab00000,0x000000078fa00000,0x000000078fa00000)
  from space 97280K, 99% used [0x000000078fa00000,0x00000007958fe5b8,0x0000000795900000)
  to   space 129024K, 0% used [0x00000007a0500000,0x00000007a0500000,0x00000007a8300000)
 ParOldGen       total 439296K, used 317189K [0x00000006c0000000, 0x00000006dad00000, 0x000000076ab00000)
  object space 439296K, 72% used [0x00000006c0000000,0x00000006d35c1468,0x00000006dad00000)
 Metaspace       used 6560K, capacity 7280K, committed 7552K, reserved 1056768K
  class space    used 595K, capacity 616K, committed 640K, reserved 1048576K
Event: 60.449 GC heap after
Heap after GC invocations=19 (full 3):
 PSYoungGen      total 868352K, used 97194K [0x000000076ab00000, 0x00000007af280000, 0x00000007c0000000)
  eden space 739328K, 0% used [0x000000076ab00000,0x000000076ab00000,0x0000000797d00000)
  from space 129024K, 75% used [0x00000007a0500000,0x00000007a63ea880,0x00000007a8300000)
  to   space 139264K, 0% used [0x0000000797d00000,0x0000000797d00000,0x00000007a0500000)
 ParOldGen       total 439296K, used 414918K [0x00000006c0000000, 0x00000006dad00000, 0x000000076ab00000)
  object space 439296K, 94% used [0x00000006c0000000,0x00000006d9531898,0x00000006dad00000)
 Metaspace       used 6560K, capacity 7280K, committed 7552K, reserved 1056768K
  class space    used 595K, capacity 616K, committed 640K, reserved 1048576K
}
Event: 61.155 GC heap before
{Heap before GC invocations=20 (full 4):
 PSYoungGen      total 868352K, used 97194K [0x000000076ab00000, 0x00000007af280000, 0x00000007c0000000)
  eden space 739328K, 0% used [0x000000076ab00000,0x000000076ab00000,0x0000000797d00000)
  from space 129024K, 75% used [0x00000007a0500000,0x00000007a63ea880,0x00000007a8300000)
  to   space 139264K, 0% used [0x0000000797d00000,0x0000000797d00000,0x00000007a0500000)
 ParOldGen       total 439296K, used 414918K [0x00000006c0000000, 0x00000006dad00000, 0x000000076ab00000)
  object space 439296K, 94% used [0x00000006c0000000,0x00000006d9531898,0x00000006dad00000)
 Metaspace       used 6560K, capacity 7280K, committed 7552K, reserved 1056768K
  class space    used 595K, capacity 616K, committed 640K, reserved 1048576K
Event: 69.529 GC heap after
Heap after GC invocations=20 (full 4):
 PSYoungGen      total 868352K, used 67496K [0x000000076ab00000, 0x00000007af280000, 0x00000007c0000000)
  eden space 739328K, 0% used [0x000000076ab00000,0x000000076ab00000,0x0000000797d00000)
  from space 129024K, 52% used [0x00000007a0500000,0x00000007a46ea0c0,0x00000007a8300000)
  to   space 139264K, 0% used [0x0000000797d00000,0x0000000797d00000,0x00000007a0500000)
 ParOldGen       total 647680K, used 438973K [0x00000006c0000000, 0x00000006e7880000, 0x000000076ab00000)
  object space 647680K, 67% used [0x00000006c0000000,0x00000006dacaf558,0x00000006e7880000)
 Metaspace       used 6560K, capacity 7280K, committed 7552K, reserved 1056768K
  class space    used 595K, capacity 616K, committed 640K, reserved 1048576K
}
Event: 103.598 GC heap before
{Heap before GC invocations=21 (full 4):
 PSYoungGen      total 868352K, used 806824K [0x000000076ab00000, 0x00000007af280000, 0x00000007c0000000)
  eden space 739328K, 100% used [0x000000076ab00000,0x0000000797d00000,0x0000000797d00000)
  from space 129024K, 52% used [0x00000007a0500000,0x00000007a46ea0c0,0x00000007a8300000)
  to   space 139264K, 0% used [0x0000000797d00000,0x0000000797d00000,0x00000007a0500000)
 ParOldGen       total 647680K, used 438973K [0x00000006c0000000, 0x00000006e7880000, 0x000000076ab00000)
  object space 647680K, 67% used [0x00000006c0000000,0x00000006dacaf558,0x00000006e7880000)
 Metaspace       used 6561K, capacity 7280K, committed 7552K, reserved 1056768K
  class space    used 595K, capacity 616K, committed 640K, reserved 1048576K
Event: 126.430 GC heap after
Heap after GC invocations=21 (full 4):
 PSYoungGen      total 878592K, used 116290K [0x000000076ab00000, 0x00000007b6a00000, 0x00000007c0000000)
  eden space 739328K, 0% used [0x000000076ab00000,0x000000076ab00000,0x0000000797d00000)
  from space 139264K, 83% used [0x0000000797d00000,0x000000079ee90848,0x00000007a0500000)
  to   space 154624K, 0% used [0x00000007ad300000,0x00000007ad300000,0x00000007b6a00000)
 ParOldGen       total 647680K, used 503901K [0x00000006c0000000, 0x00000006e7880000, 0x000000076ab00000)
  object space 647680K, 77% used [0x00000006c0000000,0x00000006dec17628,0x00000006e7880000)
 Metaspace       used 6561K, capacity 7280K, committed 7552K, reserved 1056768K
  class space    used 595K, capacity 616K, committed 640K, reserved 1048576K
}
Event: 141.103 GC heap before
{Heap before GC invocations=22 (full 4):
 PSYoungGen      total 878592K, used 855618K [0x000000076ab00000, 0x00000007b6a00000, 0x00000007c0000000)
  eden space 739328K, 100% used [0x000000076ab00000,0x0000000797d00000,0x0000000797d00000)
  from space 139264K, 83% used [0x0000000797d00000,0x000000079ee90848,0x00000007a0500000)
  to   space 154624K, 0% used [0x00000007ad300000,0x00000007ad300000,0x00000007b6a00000)
 ParOldGen       total 647680K, used 503901K [0x00000006c0000000, 0x00000006e7880000, 0x000000076ab00000)
  object space 647680K, 77% used [0x00000006c0000000,0x00000006dec17628,0x00000006e7880000)
 Metaspace       used 6564K, capacity 7280K, committed 7552K, reserved 1056768K
  class space    used 595K, capacity 616K, committed 640K, reserved 1048576K
Event: 165.900 GC heap after
Heap after GC invocations=22 (full 4):
 PSYoungGen      total 1080832K, used 107606K [0x000000076ab00000, 0x00000007b8a80000, 0x00000007c0000000)
  eden space 926208K, 0% used [0x000000076ab00000,0x000000076ab00000,0x00000007a3380000)
  from space 154624K, 69% used [0x00000007ad300000,0x00000007b3c15ad8,0x00000007b6a00000)
  to   space 163328K, 0% used [0x00000007a3380000,0x00000007a3380000,0x00000007ad300000)
 ParOldGen       total 647680K, used 616623K [0x00000006c0000000, 0x00000006e7880000, 0x000000076ab00000)
  object space 647680K, 95% used [0x00000006c0000000,0x00000006e5a2bcd0,0x00000006e7880000)
 Metaspace       used 6564K, capacity 7280K, committed 7552K, reserved 1056768K
  class space    used 595K, capacity 616K, committed 640K, reserved 1048576K
}
Event: 165.927 GC heap before
{Heap before GC invocations=23 (full 5):
 PSYoungGen      total 1080832K, used 107606K [0x000000076ab00000, 0x00000007b8a80000, 0x00000007c0000000)
  eden space 926208K, 0% used [0x000000076ab00000,0x000000076ab00000,0x00000007a3380000)
  from space 154624K, 69% used [0x00000007ad300000,0x00000007b3c15ad8,0x00000007b6a00000)
  to   space 163328K, 0% used [0x00000007a3380000,0x00000007a3380000,0x00000007ad300000)
 ParOldGen       total 647680K, used 616623K [0x00000006c0000000, 0x00000006e7880000, 0x000000076ab00000)
  object space 647680K, 95% used [0x00000006c0000000,0x00000006e5a2bcd0,0x00000006e7880000)
 Metaspace       used 6564K, capacity 7280K, committed 7552K, reserved 1056768K
  class space    used 595K, capacity 616K, committed 640K, reserved 1048576K

