# JRE version: OpenJDK Runtime Environment (8.0_112-b06) (build 1.8.0_112-release-b06)
# Java VM: OpenJDK 64-Bit Server VM (25.112-b06 mixed mode linux-amd64 compressed oops)
Heap:
 PSYoungGen      total 778752K, used 104820K [0x000000076ab00000, 0x00000007a1a80000, 0x00000007c0000000)
  eden space 672768K, 0% used [0x000000076ab00000,0x000000076ab00000,0x0000000793c00000)
  from space 105984K, 98% used [0x0000000793c00000,0x000000079a25d1b0,0x000000079a380000)
  to   space 101376K, 0% used [0x000000079a380000,0x000000079a380000,0x00000007a0680000)
 ParOldGen       total 348672K, used 342132K [0x00000006c0000000, 0x00000006d5480000, 0x000000076ab00000)
  object space 348672K, 98% used [0x00000006c0000000,0x00000006d4e1d1a0,0x00000006d5480000)
 Metaspace       used 6554K, capacity 7280K, committed 7552K, reserved 1056768K
  class space    used 595K, capacity 616K, committed 640K, reserved 1048576K
GC Heap History (10 events):
Event: 35.106 GC heap after
Heap after GC invocations=13 (full 2):
 PSYoungGen      total 430592K, used 18907K [0x000000076ab00000, 0x0000000794480000, 0x00000007c0000000)
  eden space 367104K, 0% used [0x000000076ab00000,0x000000076ab00000,0x0000000781180000)
  from space 63488K, 29% used [0x0000000781180000,0x00000007823f6fa0,0x0000000784f80000)
  to   space 69120K, 0% used [0x0000000790100000,0x0000000790100000,0x0000000794480000)
 ParOldGen       total 236544K, used 148661K [0x00000006c0000000, 0x00000006ce700000, 0x000000076ab00000)
  object space 236544K, 62% used [0x00000006c0000000,0x00000006c912d698,0x00000006ce700000)
 Metaspace       used 6522K, capacity 7216K, committed 7296K, reserved 1056768K
  class space    used 594K, capacity 616K, committed 640K, reserved 1048576K
}
Event: 42.631 GC heap before
{Heap before GC invocations=14 (full 2):
 PSYoungGen      total 430592K, used 386011K [0x000000076ab00000, 0x0000000794480000, 0x00000007c0000000)
  eden space 367104K, 100% used [0x000000076ab00000,0x0000000781180000,0x0000000781180000)
  from space 63488K, 29% used [0x0000000781180000,0x00000007823f6fa0,0x0000000784f80000)
  to   space 69120K, 0% used [0x0000000790100000,0x0000000790100000,0x0000000794480000)
 ParOldGen       total 236544K, used 148661K [0x00000006c0000000, 0x00000006ce700000, 0x000000076ab00000)
  object space 236544K, 62% used [0x00000006c0000000,0x00000006c912d698,0x00000006ce700000)
 Metaspace       used 6524K, capacity 7216K, committed 7296K, reserved 1056768K
  class space    used 594K, capacity 616K, committed 640K, reserved 1048576K
Event: 42.762 GC heap after
Heap after GC invocations=14 (full 2):
 PSYoungGen      total 540160K, used 44570K [0x000000076ab00000, 0x0000000792d00000, 0x00000007c0000000)
  eden space 495104K, 0% used [0x000000076ab00000,0x000000076ab00000,0x0000000788e80000)
  from space 45056K, 98% used [0x0000000790100000,0x0000000792c86b80,0x0000000792d00000)
  to   space 72192K, 0% used [0x000000078a000000,0x000000078a000000,0x000000078e680000)
 ParOldGen       total 236544K, used 166531K [0x00000006c0000000, 0x00000006ce700000, 0x000000076ab00000)
  object space 236544K, 70% used [0x00000006c0000000,0x00000006ca2a0ec8,0x00000006ce700000)
 Metaspace       used 6524K, capacity 7216K, committed 7296K, reserved 1056768K
  class space    used 594K, capacity 616K, committed 640K, reserved 1048576K
}
Event: 57.288 GC heap before
{Heap before GC invocations=15 (full 2):
 PSYoungGen      total 540160K, used 539674K [0x000000076ab00000, 0x0000000792d00000, 0x00000007c0000000)
  eden space 495104K, 100% used [0x000000076ab00000,0x0000000788e80000,0x0000000788e80000)
  from space 45056K, 98% used [0x0000000790100000,0x0000000792c86b80,0x0000000792d00000)
  to   space 72192K, 0% used [0x000000078a000000,0x000000078a000000,0x000000078e680000)
 ParOldGen       total 236544K, used 166531K [0x00000006c0000000, 0x00000006ce700000, 0x000000076ab00000)
  object space 236544K, 70% used [0x00000006c0000000,0x00000006ca2a0ec8,0x00000006ce700000)
 Metaspace       used 6530K, capacity 7216K, committed 7296K, reserved 1056768K
  class space    used 595K, capacity 616K, committed 640K, reserved 1048576K
Event: 62.764 GC heap after
Heap after GC invocations=15 (full 2):
 PSYoungGen      total 585216K, used 72165K [0x000000076ab00000, 0x00000007a0680000, 0x00000007c0000000)
  eden space 513024K, 0% used [0x000000076ab00000,0x000000076ab00000,0x000000078a000000)
  from space 72192K, 99% used [0x000000078a000000,0x000000078e679620,0x000000078e680000)
  to   space 101376K, 0% used [0x000000079a380000,0x000000079a380000,0x00000007a0680000)
 ParOldGen       total 236544K, used 212546K [0x00000006c0000000, 0x00000006ce700000, 0x000000076ab00000)
  object space 236544K, 89% used [0x00000006c0000000,0x00000006ccf90b60,0x00000006ce700000)
 Metaspace       used 6530K, capacity 7216K, committed 7296K, reserved 1056768K
  class space    used 595K, capacity 616K, committed 640K, reserved 1048576K
}
Event: 62.764 GC heap before
{Heap before GC invocations=16 (full 3):
 PSYoungGen      total 585216K, used 72165K [0x000000076ab00000, 0x00000007a0680000, 0x00000007c0000000)
  eden space 513024K, 0% used [0x000000076ab00000,0x000000076ab00000,0x000000078a000000)
  from space 72192K, 99% used [0x000000078a000000,0x000000078e679620,0x000000078e680000)
  to   space 101376K, 0% used [0x000000079a380000,0x000000079a380000,0x00000007a0680000)
 ParOldGen       total 236544K, used 212546K [0x00000006c0000000, 0x00000006ce700000, 0x000000076ab00000)
  object space 236544K, 89% used [0x00000006c0000000,0x00000006ccf90b60,0x00000006ce700000)
 Metaspace       used 6530K, capacity 7216K, committed 7296K, reserved 1056768K
  class space    used 595K, capacity 616K, committed 640K, reserved 1048576K
Event: 67.388 GC heap after
Heap after GC invocations=16 (full 3):
 PSYoungGen      total 585216K, used 42817K [0x000000076ab00000, 0x00000007a0680000, 0x00000007c0000000)
  eden space 513024K, 0% used [0x000000076ab00000,0x000000076ab00000,0x000000078a000000)
  from space 72192K, 59% used [0x000000078a000000,0x000000078c9d05c0,0x000000078e680000)
  to   space 101376K, 0% used [0x000000079a380000,0x000000079a380000,0x00000007a0680000)
 ParOldGen       total 348672K, used 236540K [0x00000006c0000000, 0x00000006d5480000, 0x000000076ab00000)
  object space 348672K, 67% used [0x00000006c0000000,0x00000006ce6ff330,0x00000006d5480000)
 Metaspace       used 6530K, capacity 7216K, committed 7296K, reserved 1056768K
  class space    used 595K, capacity 616K, committed 640K, reserved 1048576K
}
Event: 90.792 GC heap before
{Heap before GC invocations=17 (full 3):
 PSYoungGen      total 585216K, used 555841K [0x000000076ab00000, 0x00000007a0680000, 0x00000007c0000000)
  eden space 513024K, 100% used [0x000000076ab00000,0x000000078a000000,0x000000078a000000)
  from space 72192K, 59% used [0x000000078a000000,0x000000078c9d05c0,0x000000078e680000)
  to   space 101376K, 0% used [0x000000079a380000,0x000000079a380000,0x00000007a0680000)
 ParOldGen       total 348672K, used 236540K [0x00000006c0000000, 0x00000006d5480000, 0x000000076ab00000)
  object space 348672K, 67% used [0x00000006c0000000,0x00000006ce6ff330,0x00000006d5480000)
 Metaspace       used 6541K, capacity 7280K, committed 7552K, reserved 1056768K
  class space    used 595K, capacity 616K, committed 640K, reserved 1048576K
Event: 95.190 GC heap after
Heap after GC invocations=17 (full 3):
 PSYoungGen      total 774144K, used 65351K [0x000000076ab00000, 0x00000007a1a80000, 0x00000007c0000000)
  eden space 672768K, 0% used [0x000000076ab00000,0x000000076ab00000,0x0000000793c00000)
  from space 101376K, 64% used [0x000000079a380000,0x000000079e351c90,0x00000007a0680000)
  to   space 105984K, 0% used [0x0000000793c00000,0x0000000793c00000,0x000000079a380000)
 ParOldGen       total 348672K, used 279762K [0x00000006c0000000, 0x00000006d5480000, 0x000000076ab00000)
  object space 348672K, 80% used [0x00000006c0000000,0x00000006d1134890,0x00000006d5480000)
 Metaspace       used 6541K, capacity 7280K, committed 7552K, reserved 1056768K
  class space    used 595K, capacity 616K, committed 640K, reserved 1048576K
}
Event: 112.320 GC heap before
{Heap before GC invocations=18 (full 3):
 PSYoungGen      total 774144K, used 738119K [0x000000076ab00000, 0x00000007a1a80000, 0x00000007c0000000)
  eden space 672768K, 100% used [0x000000076ab00000,0x0000000793c00000,0x0000000793c00000)
  from space 101376K, 64% used [0x000000079a380000,0x000000079e351c90,0x00000007a0680000)
  to   space 105984K, 0% used [0x0000000793c00000,0x0000000793c00000,0x000000079a380000)
 ParOldGen       total 348672K, used 279762K [0x00000006c0000000, 0x00000006d5480000, 0x000000076ab00000)
  object space 348672K, 80% used [0x00000006c0000000,0x00000006d1134890,0x00000006d5480000)
 Metaspace       used 6554K, capacity 7280K, committed 7552K, reserved 1056768K
  class space    used 595K, capacity 616K, committed 640K, reserved 1048576K

