# JRE version: OpenJDK Runtime Environment (8.0_112-b06) (build 1.8.0_112-release-b06)
# Java VM: OpenJDK 64-Bit Server VM (25.112-b06 mixed mode linux-amd64 compressed oops)
Heap:
 PSYoungGen      total 999424K, used 137205K [0x000000076ab00000, 0x00000007b0100000, 0x00000007c0000000)
  eden space 862208K, 0% used [0x000000076ab00000,0x000000076ab00000,0x000000079f500000)
  from space 137216K, 99% used [0x000000079f500000,0x00000007a7afd428,0x00000007a7b00000)
  to   space 102912K, 0% used [0x00000007a9c80000,0x00000007a9c80000,0x00000007b0100000)
 ParOldGen       total 398848K, used 398668K [0x00000006c0000000, 0x00000006d8580000, 0x000000076ab00000)
  object space 398848K, 99% used [0x00000006c0000000,0x00000006d8553188,0x00000006d8580000)
 Metaspace       used 6562K, capacity 7280K, committed 7552K, reserved 1056768K
  class space    used 595K, capacity 616K, committed 640K, reserved 1048576K
GC Heap History (10 events):
Event: 17.538 GC heap after
Heap after GC invocations=11 (full 1):
 PSYoungGen      total 740864K, used 88563K [0x000000076ab00000, 0x00000007a5000000, 0x00000007c0000000)
  eden space 652288K, 0% used [0x000000076ab00000,0x000000076ab00000,0x0000000792800000)
  from space 88576K, 99% used [0x0000000799980000,0x000000079effcc90,0x000000079f000000)
  to   space 116224K, 0% used [0x0000000792800000,0x0000000792800000,0x0000000799980000)
 ParOldGen       total 154112K, used 145923K [0x00000006c0000000, 0x00000006c9680000, 0x000000076ab00000)
  object space 154112K, 94% used [0x00000006c0000000,0x00000006c8e80e88,0x00000006c9680000)
 Metaspace       used 6521K, capacity 7216K, committed 7296K, reserved 1056768K
  class space    used 594K, capacity 616K, committed 640K, reserved 1048576K
}
Event: 17.539 GC heap before
{Heap before GC invocations=12 (full 2):
 PSYoungGen      total 740864K, used 88563K [0x000000076ab00000, 0x00000007a5000000, 0x00000007c0000000)
  eden space 652288K, 0% used [0x000000076ab00000,0x000000076ab00000,0x0000000792800000)
  from space 88576K, 99% used [0x0000000799980000,0x000000079effcc90,0x000000079f000000)
  to   space 116224K, 0% used [0x0000000792800000,0x0000000792800000,0x0000000799980000)
 ParOldGen       total 154112K, used 145923K [0x00000006c0000000, 0x00000006c9680000, 0x000000076ab00000)
  object space 154112K, 94% used [0x00000006c0000000,0x00000006c8e80e88,0x00000006c9680000)
 Metaspace       used 6521K, capacity 7216K, committed 7296K, reserved 1056768K
  class space    used 594K, capacity 616K, committed 640K, reserved 1048576K
Event: 20.316 GC heap after
Heap after GC invocations=12 (full 2):
 PSYoungGen      total 740864K, used 74932K [0x000000076ab00000, 0x00000007a5000000, 0x00000007c0000000)
  eden space 652288K, 0% used [0x000000076ab00000,0x000000076ab00000,0x0000000792800000)
  from space 88576K, 84% used [0x0000000799980000,0x000000079e2ad338,0x000000079f000000)
  to   space 116224K, 0% used [0x0000000792800000,0x0000000792800000,0x0000000799980000)
 ParOldGen       total 248832K, used 154102K [0x00000006c0000000, 0x00000006cf300000, 0x000000076ab00000)
  object space 248832K, 61% used [0x00000006c0000000,0x00000006c967dab8,0x00000006cf300000)
 Metaspace       used 6521K, capacity 7216K, committed 7296K, reserved 1056768K
  class space    used 594K, capacity 616K, committed 640K, reserved 1048576K
}
Event: 37.851 GC heap before
{Heap before GC invocations=13 (full 2):
 PSYoungGen      total 740864K, used 727220K [0x000000076ab00000, 0x00000007a5000000, 0x00000007c0000000)
  eden space 652288K, 100% used [0x000000076ab00000,0x0000000792800000,0x0000000792800000)
  from space 88576K, 84% used [0x0000000799980000,0x000000079e2ad338,0x000000079f000000)
  to   space 116224K, 0% used [0x0000000792800000,0x0000000792800000,0x0000000799980000)
 ParOldGen       total 248832K, used 154102K [0x00000006c0000000, 0x00000006cf300000, 0x000000076ab00000)
  object space 248832K, 61% used [0x00000006c0000000,0x00000006c967dab8,0x00000006cf300000)
 Metaspace       used 6549K, capacity 7280K, committed 7552K, reserved 1056768K
  class space    used 595K, capacity 616K, committed 640K, reserved 1048576K
Event: 49.269 GC heap after
Heap after GC invocations=13 (full 2):
 PSYoungGen      total 768512K, used 78841K [0x000000076ab00000, 0x00000007b1500000, 0x00000007c0000000)
  eden space 652288K, 0% used [0x000000076ab00000,0x000000076ab00000,0x0000000792800000)
  from space 116224K, 67% used [0x0000000792800000,0x00000007974fe728,0x0000000799980000)
  to   space 123392K, 0% used [0x00000007a9c80000,0x00000007a9c80000,0x00000007b1500000)
 ParOldGen       total 248832K, used 229254K [0x00000006c0000000, 0x00000006cf300000, 0x000000076ab00000)
  object space 248832K, 92% used [0x00000006c0000000,0x00000006cdfe1968,0x00000006cf300000)
 Metaspace       used 6549K, capacity 7280K, committed 7552K, reserved 1056768K
  class space    used 595K, capacity 616K, committed 640K, reserved 1048576K
}
Event: 49.960 GC heap before
{Heap before GC invocations=14 (full 3):
 PSYoungGen      total 768512K, used 78841K [0x000000076ab00000, 0x00000007b1500000, 0x00000007c0000000)
  eden space 652288K, 0% used [0x000000076ab00000,0x000000076ab00000,0x0000000792800000)
  from space 116224K, 67% used [0x0000000792800000,0x00000007974fe728,0x0000000799980000)
  to   space 123392K, 0% used [0x00000007a9c80000,0x00000007a9c80000,0x00000007b1500000)
 ParOldGen       total 248832K, used 229254K [0x00000006c0000000, 0x00000006cf300000, 0x000000076ab00000)
  object space 248832K, 92% used [0x00000006c0000000,0x00000006cdfe1968,0x00000006cf300000)
 Metaspace       used 6549K, capacity 7280K, committed 7552K, reserved 1056768K
  class space    used 595K, capacity 616K, committed 640K, reserved 1048576K
Event: 64.131 GC heap after
Heap after GC invocations=14 (full 3):
 PSYoungGen      total 768512K, used 52421K [0x000000076ab00000, 0x00000007b1500000, 0x00000007c0000000)
  eden space 652288K, 0% used [0x000000076ab00000,0x000000076ab00000,0x0000000792800000)
  from space 116224K, 45% used [0x0000000792800000,0x0000000795b31758,0x0000000799980000)
  to   space 123392K, 0% used [0x00000007a9c80000,0x00000007a9c80000,0x00000007b1500000)
 ParOldGen       total 377344K, used 248802K [0x00000006c0000000, 0x00000006d7080000, 0x000000076ab00000)
  object space 377344K, 65% used [0x00000006c0000000,0x00000006cf2f8b48,0x00000006d7080000)
 Metaspace       used 6549K, capacity 7280K, committed 7552K, reserved 1056768K
  class space    used 595K, capacity 616K, committed 640K, reserved 1048576K
}
Event: 113.563 GC heap before
{Heap before GC invocations=15 (full 3):
 PSYoungGen      total 768512K, used 704709K [0x000000076ab00000, 0x00000007b1500000, 0x00000007c0000000)
  eden space 652288K, 100% used [0x000000076ab00000,0x0000000792800000,0x0000000792800000)
  from space 116224K, 45% used [0x0000000792800000,0x0000000795b31758,0x0000000799980000)
  to   space 123392K, 0% used [0x00000007a9c80000,0x00000007a9c80000,0x00000007b1500000)
 ParOldGen       total 377344K, used 248802K [0x00000006c0000000, 0x00000006d7080000, 0x000000076ab00000)
  object space 377344K, 65% used [0x00000006c0000000,0x00000006cf2f8b48,0x00000006d7080000)
 Metaspace       used 6557K, capacity 7280K, committed 7552K, reserved 1056768K
  class space    used 595K, capacity 616K, committed 640K, reserved 1048576K
Event: 115.631 GC heap after
Heap after GC invocations=15 (full 3):
 PSYoungGen      total 965120K, used 102766K [0x000000076ab00000, 0x00000007b0100000, 0x00000007c0000000)
  eden space 862208K, 0% used [0x000000076ab00000,0x000000076ab00000,0x000000079f500000)
  from space 102912K, 99% used [0x00000007a9c80000,0x00000007b00db910,0x00000007b0100000)
  to   space 137216K, 0% used [0x000000079f500000,0x000000079f500000,0x00000007a7b00000)
 ParOldGen       total 377344K, used 299020K [0x00000006c0000000, 0x00000006d7080000, 0x000000076ab00000)
  object space 377344K, 79% used [0x00000006c0000000,0x00000006d2403188,0x00000006d7080000)
 Metaspace       used 6557K, capacity 7280K, committed 7552K, reserved 1056768K
  class space    used 595K, capacity 616K, committed 640K, reserved 1048576K
}
Event: 131.424 GC heap before
{Heap before GC invocations=16 (full 3):
 PSYoungGen      total 965120K, used 964974K [0x000000076ab00000, 0x00000007b0100000, 0x00000007c0000000)
  eden space 862208K, 100% used [0x000000076ab00000,0x000000079f500000,0x000000079f500000)
  from space 102912K, 99% used [0x00000007a9c80000,0x00000007b00db910,0x00000007b0100000)
  to   space 137216K, 0% used [0x000000079f500000,0x000000079f500000,0x00000007a7b00000)
 ParOldGen       total 377344K, used 299020K [0x00000006c0000000, 0x00000006d7080000, 0x000000076ab00000)
  object space 377344K, 79% used [0x00000006c0000000,0x00000006d2403188,0x00000006d7080000)
 Metaspace       used 6562K, capacity 7280K, committed 7552K, reserved 1056768K
  class space    used 595K, capacity 616K, committed 640K, reserved 1048576K

