# JRE version: Java(TM) SE Runtime Environment (8.0_91-b14) (build 1.8.0_91-b14)
# Java VM: Java HotSpot(TM) 64-Bit Server VM (25.91-b14 mixed mode linux-amd64 compressed oops)
Heap:
 PSYoungGen      total 1174016K, used 44161K [0x000000076ab00000, 0x00000007c0000000, 0x00000007c0000000)
  eden space 977920K, 0% used [0x000000076ab00000,0x000000076ab00000,0x00000007a6600000)
  from space 196096K, 22% used [0x00000007b4080000,0x00000007b6ba04d8,0x00000007c0000000)
  to   space 209920K, 0% used [0x00000007a6600000,0x00000007a6600000,0x00000007b3300000)
 ParOldGen       total 668160K, used 668138K [0x00000006c0000000, 0x00000006e8c80000, 0x000000076ab00000)
  object space 668160K, 99% used [0x00000006c0000000,0x00000006e8c7a9c8,0x00000006e8c80000)
 Metaspace       used 6631K, capacity 7320K, committed 7680K, reserved 1056768K
  class space    used 618K, capacity 656K, committed 768K, reserved 1048576K
GC Heap History (10 events):
Event: 94.557 GC heap after
Heap after GC invocations=15 (full 3):
 PSYoungGen      total 1123328K, used 108207K [0x000000076ab00000, 0x00000007ba180000, 0x00000007c0000000)
  eden space 992256K, 0% used [0x000000076ab00000,0x000000076ab00000,0x00000007a7400000)
  from space 131072K, 82% used [0x00000007b0280000,0x00000007b6c2bfe0,0x00000007b8280000)
  to   space 145920K, 0% used [0x00000007a7400000,0x00000007a7400000,0x00000007b0280000)
 ParOldGen       total 367616K, used 317854K [0x00000006c0000000, 0x00000006d6700000, 0x000000076ab00000)
  object space 367616K, 86% used [0x00000006c0000000,0x00000006d3667978,0x00000006d6700000)
 Metaspace       used 6626K, capacity 7320K, committed 7680K, reserved 1056768K
  class space    used 618K, capacity 656K, committed 768K, reserved 1048576K
}
Event: 95.033 GC heap before
{Heap before GC invocations=16 (full 4):
 PSYoungGen      total 1123328K, used 108207K [0x000000076ab00000, 0x00000007ba180000, 0x00000007c0000000)
  eden space 992256K, 0% used [0x000000076ab00000,0x000000076ab00000,0x00000007a7400000)
  from space 131072K, 82% used [0x00000007b0280000,0x00000007b6c2bfe0,0x00000007b8280000)
  to   space 145920K, 0% used [0x00000007a7400000,0x00000007a7400000,0x00000007b0280000)
 ParOldGen       total 367616K, used 317854K [0x00000006c0000000, 0x00000006d6700000, 0x000000076ab00000)
  object space 367616K, 86% used [0x00000006c0000000,0x00000006d3667978,0x00000006d6700000)
 Metaspace       used 6626K, capacity 7320K, committed 7680K, reserved 1056768K
  class space    used 618K, capacity 656K, committed 768K, reserved 1048576K
Event: 99.691 GC heap after
Heap after GC invocations=16 (full 4):
 PSYoungGen      total 1123328K, used 57128K [0x000000076ab00000, 0x00000007ba180000, 0x00000007c0000000)
  eden space 992256K, 0% used [0x000000076ab00000,0x000000076ab00000,0x00000007a7400000)
  from space 131072K, 43% used [0x00000007b0280000,0x00000007b3a4a3b0,0x00000007b8280000)
  to   space 145920K, 0% used [0x00000007a7400000,0x00000007a7400000,0x00000007b0280000)
 ParOldGen       total 508928K, used 367450K [0x00000006c0000000, 0x00000006df100000, 0x000000076ab00000)
  object space 508928K, 72% used [0x00000006c0000000,0x00000006d66d6aa8,0x00000006df100000)
 Metaspace       used 6626K, capacity 7320K, committed 7680K, reserved 1056768K
  class space    used 618K, capacity 656K, committed 768K, reserved 1048576K
}
Event: 120.936 GC heap before
{Heap before GC invocations=17 (full 4):
 PSYoungGen      total 1123328K, used 1049384K [0x000000076ab00000, 0x00000007ba180000, 0x00000007c0000000)
  eden space 992256K, 100% used [0x000000076ab00000,0x00000007a7400000,0x00000007a7400000)
  from space 131072K, 43% used [0x00000007b0280000,0x00000007b3a4a3b0,0x00000007b8280000)
  to   space 145920K, 0% used [0x00000007a7400000,0x00000007a7400000,0x00000007b0280000)
 ParOldGen       total 508928K, used 367450K [0x00000006c0000000, 0x00000006df100000, 0x000000076ab00000)
  object space 508928K, 72% used [0x00000006c0000000,0x00000006d66d6aa8,0x00000006df100000)
 Metaspace       used 6628K, capacity 7320K, committed 7680K, reserved 1056768K
  class space    used 618K, capacity 656K, committed 768K, reserved 1048576K
Event: 128.166 GC heap after
Heap after GC invocations=17 (full 4):
 PSYoungGen      total 1138176K, used 145905K [0x000000076ab00000, 0x00000007c0000000, 0x00000007c0000000)
  eden space 992256K, 0% used [0x000000076ab00000,0x000000076ab00000,0x00000007a7400000)
  from space 145920K, 99% used [0x00000007a7400000,0x00000007b027c7a0,0x00000007b0280000)
  to   space 196096K, 0% used [0x00000007b4080000,0x00000007b4080000,0x00000007c0000000)
 ParOldGen       total 508928K, used 434538K [0x00000006c0000000, 0x00000006df100000, 0x000000076ab00000)
  object space 508928K, 85% used [0x00000006c0000000,0x00000006da85aba8,0x00000006df100000)
 Metaspace       used 6628K, capacity 7320K, committed 7680K, reserved 1056768K
  class space    used 618K, capacity 656K, committed 768K, reserved 1048576K
}
Event: 128.166 GC heap before
{Heap before GC invocations=18 (full 5):
 PSYoungGen      total 1138176K, used 145905K [0x000000076ab00000, 0x00000007c0000000, 0x00000007c0000000)
  eden space 992256K, 0% used [0x000000076ab00000,0x000000076ab00000,0x00000007a7400000)
  from space 145920K, 99% used [0x00000007a7400000,0x00000007b027c7a0,0x00000007b0280000)
  to   space 196096K, 0% used [0x00000007b4080000,0x00000007b4080000,0x00000007c0000000)
 ParOldGen       total 508928K, used 434538K [0x00000006c0000000, 0x00000006df100000, 0x000000076ab00000)
  object space 508928K, 85% used [0x00000006c0000000,0x00000006da85aba8,0x00000006df100000)
 Metaspace       used 6628K, capacity 7320K, committed 7680K, reserved 1056768K
  class space    used 618K, capacity 656K, committed 768K, reserved 1048576K
Event: 132.071 GC heap after
Heap after GC invocations=18 (full 5):
 PSYoungGen      total 1138176K, used 69903K [0x000000076ab00000, 0x00000007c0000000, 0x00000007c0000000)
  eden space 992256K, 0% used [0x000000076ab00000,0x000000076ab00000,0x00000007a7400000)
  from space 145920K, 47% used [0x00000007a7400000,0x00000007ab843f40,0x00000007b0280000)
  to   space 196096K, 0% used [0x00000007b4080000,0x00000007b4080000,0x00000007c0000000)
 ParOldGen       total 668160K, used 508493K [0x00000006c0000000, 0x00000006e8c80000, 0x000000076ab00000)
  object space 668160K, 76% used [0x00000006c0000000,0x00000006df093540,0x00000006e8c80000)
 Metaspace       used 6628K, capacity 7320K, committed 7680K, reserved 1056768K
  class space    used 618K, capacity 656K, committed 768K, reserved 1048576K
}
Event: 147.156 GC heap before
{Heap before GC invocations=19 (full 5):
 PSYoungGen      total 1138176K, used 1062159K [0x000000076ab00000, 0x00000007c0000000, 0x00000007c0000000)
  eden space 992256K, 100% used [0x000000076ab00000,0x00000007a7400000,0x00000007a7400000)
  from space 145920K, 47% used [0x00000007a7400000,0x00000007ab843f40,0x00000007b0280000)
  to   space 196096K, 0% used [0x00000007b4080000,0x00000007b4080000,0x00000007c0000000)
 ParOldGen       total 668160K, used 508493K [0x00000006c0000000, 0x00000006e8c80000, 0x000000076ab00000)
  object space 668160K, 76% used [0x00000006c0000000,0x00000006df093540,0x00000006e8c80000)
 Metaspace       used 6631K, capacity 7320K, committed 7680K, reserved 1056768K
  class space    used 618K, capacity 656K, committed 768K, reserved 1048576K
Event: 150.709 GC heap after
Heap after GC invocations=19 (full 5):
 PSYoungGen      total 1174016K, used 140349K [0x000000076ab00000, 0x00000007c0000000, 0x00000007c0000000)
  eden space 977920K, 0% used [0x000000076ab00000,0x000000076ab00000,0x00000007a6600000)
  from space 196096K, 71% used [0x00000007b4080000,0x00000007bc98f460,0x00000007c0000000)
  to   space 209920K, 0% used [0x00000007a6600000,0x00000007a6600000,0x00000007b3300000)
 ParOldGen       total 668160K, used 579139K [0x00000006c0000000, 0x00000006e8c80000, 0x000000076ab00000)
  object space 668160K, 86% used [0x00000006c0000000,0x00000006e3590e90,0x00000006e8c80000)
 Metaspace       used 6631K, capacity 7320K, committed 7680K, reserved 1056768K
  class space    used 618K, capacity 656K, committed 768K, reserved 1048576K
}
Event: 150.709 GC heap before
{Heap before GC invocations=20 (full 6):
 PSYoungGen      total 1174016K, used 140349K [0x000000076ab00000, 0x00000007c0000000, 0x00000007c0000000)
  eden space 977920K, 0% used [0x000000076ab00000,0x000000076ab00000,0x00000007a6600000)
  from space 196096K, 71% used [0x00000007b4080000,0x00000007bc98f460,0x00000007c0000000)
  to   space 209920K, 0% used [0x00000007a6600000,0x00000007a6600000,0x00000007b3300000)
 ParOldGen       total 668160K, used 579139K [0x00000006c0000000, 0x00000006e8c80000, 0x000000076ab00000)
  object space 668160K, 86% used [0x00000006c0000000,0x00000006e3590e90,0x00000006e8c80000)
 Metaspace       used 6631K, capacity 7320K, committed 7680K, reserved 1056768K
  class space    used 618K, capacity 656K, committed 768K, reserved 1048576K

