# JRE version: OpenJDK Runtime Environment (8.0_112-b06) (build 1.8.0_112-release-b06)
# Java VM: OpenJDK 64-Bit Server VM (25.112-b06 mixed mode linux-amd64 compressed oops)
Heap:
 PSYoungGen      total 962560K, used 104762K [0x000000076ab00000, 0x00000007c0000000, 0x00000007c0000000)
  eden space 735232K, 0% used [0x000000076ab00000,0x000000076ab00000,0x0000000797900000)
  from space 227328K, 46% used [0x0000000797900000,0x000000079df4e868,0x00000007a5700000)
  to   space 350720K, 0% used [0x00000007aa980000,0x00000007aa980000,0x00000007c0000000)
 ParOldGen       total 735232K, used 734848K [0x00000006c0000000, 0x00000006ece00000, 0x000000076ab00000)
  object space 735232K, 99% used [0x00000006c0000000,0x00000006ecda0290,0x00000006ece00000)
 Metaspace       used 6950K, capacity 7604K, committed 7808K, reserved 1056768K
  class space    used 618K, capacity 620K, committed 640K, reserved 1048576K
GC Heap History (10 events):
Event: 16.249 GC heap after
Heap after GC invocations=17 (full 3):
 PSYoungGen      total 995840K, used 186702K [0x000000076ab00000, 0x00000007bd580000, 0x00000007c0000000)
  eden space 800768K, 0% used [0x000000076ab00000,0x000000076ab00000,0x000000079b900000)
  from space 195072K, 95% used [0x00000007a9600000,0x00000007b4c539f0,0x00000007b5480000)
  to   space 226304K, 0% used [0x000000079b900000,0x000000079b900000,0x00000007a9600000)
 ParOldGen       total 452096K, used 422612K [0x00000006c0000000, 0x00000006db980000, 0x000000076ab00000)
  object space 452096K, 93% used [0x00000006c0000000,0x00000006d9cb5210,0x00000006db980000)
 Metaspace       used 6562K, capacity 7280K, committed 7552K, reserved 1056768K
  class space    used 595K, capacity 616K, committed 640K, reserved 1048576K
}
Event: 16.249 GC heap before
{Heap before GC invocations=18 (full 4):
 PSYoungGen      total 995840K, used 186702K [0x000000076ab00000, 0x00000007bd580000, 0x00000007c0000000)
  eden space 800768K, 0% used [0x000000076ab00000,0x000000076ab00000,0x000000079b900000)
  from space 195072K, 95% used [0x00000007a9600000,0x00000007b4c539f0,0x00000007b5480000)
  to   space 226304K, 0% used [0x000000079b900000,0x000000079b900000,0x00000007a9600000)
 ParOldGen       total 452096K, used 422612K [0x00000006c0000000, 0x00000006db980000, 0x000000076ab00000)
  object space 452096K, 93% used [0x00000006c0000000,0x00000006d9cb5210,0x00000006db980000)
 Metaspace       used 6562K, capacity 7280K, committed 7552K, reserved 1056768K
  class space    used 595K, capacity 616K, committed 640K, reserved 1048576K
Event: 17.815 GC heap after
Heap after GC invocations=18 (full 4):
 PSYoungGen      total 995840K, used 150522K [0x000000076ab00000, 0x00000007bd580000, 0x00000007c0000000)
  eden space 800768K, 0% used [0x000000076ab00000,0x000000076ab00000,0x000000079b900000)
  from space 195072K, 77% used [0x00000007a9600000,0x00000007b28febc8,0x00000007b5480000)
  to   space 226304K, 0% used [0x000000079b900000,0x000000079b900000,0x00000007a9600000)
 ParOldGen       total 680960K, used 451790K [0x00000006c0000000, 0x00000006e9900000, 0x000000076ab00000)
  object space 680960K, 66% used [0x00000006c0000000,0x00000006db933958,0x00000006e9900000)
 Metaspace       used 6562K, capacity 7280K, committed 7552K, reserved 1056768K
  class space    used 595K, capacity 616K, committed 640K, reserved 1048576K
}
Event: 19.472 GC heap before
{Heap before GC invocations=19 (full 4):
 PSYoungGen      total 995840K, used 951290K [0x000000076ab00000, 0x00000007bd580000, 0x00000007c0000000)
  eden space 800768K, 100% used [0x000000076ab00000,0x000000079b900000,0x000000079b900000)
  from space 195072K, 77% used [0x00000007a9600000,0x00000007b28febc8,0x00000007b5480000)
  to   space 226304K, 0% used [0x000000079b900000,0x000000079b900000,0x00000007a9600000)
 ParOldGen       total 680960K, used 451790K [0x00000006c0000000, 0x00000006e9900000, 0x000000076ab00000)
  object space 680960K, 66% used [0x00000006c0000000,0x00000006db933958,0x00000006e9900000)
 Metaspace       used 6567K, capacity 7280K, committed 7552K, reserved 1056768K
  class space    used 596K, capacity 616K, committed 640K, reserved 1048576K
Event: 19.740 GC heap after
Heap after GC invocations=19 (full 4):
 PSYoungGen      total 1027072K, used 209849K [0x000000076ab00000, 0x00000007c0000000, 0x00000007c0000000)
  eden space 800768K, 0% used [0x000000076ab00000,0x000000076ab00000,0x000000079b900000)
  from space 226304K, 92% used [0x000000079b900000,0x00000007a85ee570,0x00000007a9600000)
  to   space 260096K, 0% used [0x00000007b0200000,0x00000007b0200000,0x00000007c0000000)
 ParOldGen       total 680960K, used 504915K [0x00000006c0000000, 0x00000006e9900000, 0x000000076ab00000)
  object space 680960K, 74% used [0x00000006c0000000,0x00000006ded14d40,0x00000006e9900000)
 Metaspace       used 6567K, capacity 7280K, committed 7552K, reserved 1056768K
  class space    used 596K, capacity 616K, committed 640K, reserved 1048576K
}
Event: 22.049 GC heap before
{Heap before GC invocations=20 (full 4):
 PSYoungGen      total 1027072K, used 1010617K [0x000000076ab00000, 0x00000007c0000000, 0x00000007c0000000)
  eden space 800768K, 100% used [0x000000076ab00000,0x000000079b900000,0x000000079b900000)
  from space 226304K, 92% used [0x000000079b900000,0x00000007a85ee570,0x00000007a9600000)
  to   space 260096K, 0% used [0x00000007b0200000,0x00000007b0200000,0x00000007c0000000)
 ParOldGen       total 680960K, used 504915K [0x00000006c0000000, 0x00000006e9900000, 0x000000076ab00000)
  object space 680960K, 74% used [0x00000006c0000000,0x00000006ded14d40,0x00000006e9900000)
 Metaspace       used 6698K, capacity 7346K, committed 7552K, reserved 1056768K
  class space    used 603K, capacity 618K, committed 640K, reserved 1048576K
Event: 28.275 GC heap after
Heap after GC invocations=20 (full 4):
 PSYoungGen      total 995328K, used 260076K [0x000000076ab00000, 0x00000007c0000000, 0x00000007c0000000)
  eden space 735232K, 0% used [0x000000076ab00000,0x000000076ab00000,0x0000000797900000)
  from space 260096K, 99% used [0x00000007b0200000,0x00000007bfffb0d8,0x00000007c0000000)
  to   space 331264K, 0% used [0x0000000797900000,0x0000000797900000,0x00000007abc80000)
 ParOldGen       total 680960K, used 575539K [0x00000006c0000000, 0x00000006e9900000, 0x000000076ab00000)
  object space 680960K, 84% used [0x00000006c0000000,0x00000006e320cf80,0x00000006e9900000)
 Metaspace       used 6698K, capacity 7346K, committed 7552K, reserved 1056768K
  class space    used 603K, capacity 618K, committed 640K, reserved 1048576K
}
Event: 30.540 GC heap before
{Heap before GC invocations=21 (full 4):
 PSYoungGen      total 995328K, used 995308K [0x000000076ab00000, 0x00000007c0000000, 0x00000007c0000000)
  eden space 735232K, 100% used [0x000000076ab00000,0x0000000797900000,0x0000000797900000)
  from space 260096K, 99% used [0x00000007b0200000,0x00000007bfffb0d8,0x00000007c0000000)
  to   space 331264K, 0% used [0x0000000797900000,0x0000000797900000,0x00000007abc80000)
 ParOldGen       total 680960K, used 575539K [0x00000006c0000000, 0x00000006e9900000, 0x000000076ab00000)
  object space 680960K, 84% used [0x00000006c0000000,0x00000006e320cf80,0x00000006e9900000)
 Metaspace       used 6950K, capacity 7604K, committed 7808K, reserved 1056768K
  class space    used 618K, capacity 620K, committed 640K, reserved 1048576K
Event: 36.326 GC heap after
Heap after GC invocations=21 (full 4):
 PSYoungGen      total 962560K, used 227272K [0x000000076ab00000, 0x00000007c0000000, 0x00000007c0000000)
  eden space 735232K, 0% used [0x000000076ab00000,0x000000076ab00000,0x0000000797900000)
  from space 227328K, 99% used [0x0000000797900000,0x00000007a56f2200,0x00000007a5700000)
  to   space 350720K, 0% used [0x00000007aa980000,0x00000007aa980000,0x00000007c0000000)
 ParOldGen       total 735232K, used 735169K [0x00000006c0000000, 0x00000006ece00000, 0x000000076ab00000)
  object space 735232K, 99% used [0x00000006c0000000,0x00000006ecdf0738,0x00000006ece00000)
 Metaspace       used 6950K, capacity 7604K, committed 7808K, reserved 1056768K
  class space    used 618K, capacity 620K, committed 640K, reserved 1048576K
}
Event: 36.326 GC heap before
{Heap before GC invocations=22 (full 5):
 PSYoungGen      total 962560K, used 227272K [0x000000076ab00000, 0x00000007c0000000, 0x00000007c0000000)
  eden space 735232K, 0% used [0x000000076ab00000,0x000000076ab00000,0x0000000797900000)
  from space 227328K, 99% used [0x0000000797900000,0x00000007a56f2200,0x00000007a5700000)
  to   space 350720K, 0% used [0x00000007aa980000,0x00000007aa980000,0x00000007c0000000)
 ParOldGen       total 735232K, used 735169K [0x00000006c0000000, 0x00000006ece00000, 0x000000076ab00000)
  object space 735232K, 99% used [0x00000006c0000000,0x00000006ecdf0738,0x00000006ece00000)
 Metaspace       used 6950K, capacity 7604K, committed 7808K, reserved 1056768K
  class space    used 618K, capacity 620K, committed 640K, reserved 1048576K

