# JRE version: OpenJDK Runtime Environment (8.0_112-b06) (build 1.8.0_112-release-b06)
# Java VM: OpenJDK 64-Bit Server VM (25.112-b06 mixed mode linux-amd64 compressed oops)
Heap:
 PSYoungGen      total 1129472K, used 60463K [0x000000076ab00000, 0x00000007c0000000, 0x00000007c0000000)
  eden space 982528K, 0% used [0x000000076ab00000,0x000000076ab00000,0x00000007a6a80000)
  from space 146944K, 41% used [0x00000007a6a80000,0x00000007aa58bc20,0x00000007afa00000)
  to   space 208384K, 0% used [0x00000007b3480000,0x00000007b3480000,0x00000007c0000000)
 ParOldGen       total 607744K, used 607252K [0x00000006c0000000, 0x00000006e5180000, 0x000000076ab00000)
  object space 607744K, 99% used [0x00000006c0000000,0x00000006e5105038,0x00000006e5180000)
 Metaspace       used 6573K, capacity 7280K, committed 7552K, reserved 1056768K
  class space    used 596K, capacity 616K, committed 640K, reserved 1048576K
GC Heap History (10 events):
Event: 22.828 GC heap after
Heap after GC invocations=17 (full 3):
 PSYoungGen      total 775680K, used 46315K [0x000000076ab00000, 0x00000007a0a80000, 0x00000007c0000000)
  eden space 680960K, 0% used [0x000000076ab00000,0x000000076ab00000,0x0000000794400000)
  from space 94720K, 48% used [0x000000079a380000,0x000000079d0bacd8,0x00000007a0000000)
  to   space 97792K, 0% used [0x0000000794400000,0x0000000794400000,0x000000079a380000)
 ParOldGen       total 418816K, used 273748K [0x00000006c0000000, 0x00000006d9900000, 0x000000076ab00000)
  object space 418816K, 65% used [0x00000006c0000000,0x00000006d0b55140,0x00000006d9900000)
 Metaspace       used 6557K, capacity 7280K, committed 7552K, reserved 1056768K
  class space    used 596K, capacity 616K, committed 640K, reserved 1048576K
}
Event: 24.762 GC heap before
{Heap before GC invocations=18 (full 3):
 PSYoungGen      total 775680K, used 727275K [0x000000076ab00000, 0x00000007a0a80000, 0x00000007c0000000)
  eden space 680960K, 100% used [0x000000076ab00000,0x0000000794400000,0x0000000794400000)
  from space 94720K, 48% used [0x000000079a380000,0x000000079d0bacd8,0x00000007a0000000)
  to   space 97792K, 0% used [0x0000000794400000,0x0000000794400000,0x000000079a380000)
 ParOldGen       total 418816K, used 273748K [0x00000006c0000000, 0x00000006d9900000, 0x000000076ab00000)
  object space 418816K, 65% used [0x00000006c0000000,0x00000006d0b55140,0x00000006d9900000)
 Metaspace       used 6567K, capacity 7280K, committed 7552K, reserved 1056768K
  class space    used 596K, capacity 616K, committed 640K, reserved 1048576K
Event: 30.646 GC heap after
Heap after GC invocations=18 (full 3):
 PSYoungGen      total 778752K, used 97779K [0x000000076ab00000, 0x00000007b7c80000, 0x00000007c0000000)
  eden space 680960K, 0% used [0x000000076ab00000,0x000000076ab00000,0x0000000794400000)
  from space 97792K, 99% used [0x0000000794400000,0x000000079a37ce90,0x000000079a380000)
  to   space 133632K, 0% used [0x00000007afa00000,0x00000007afa00000,0x00000007b7c80000)
 ParOldGen       total 418816K, used 326054K [0x00000006c0000000, 0x00000006d9900000, 0x000000076ab00000)
  object space 418816K, 77% used [0x00000006c0000000,0x00000006d3e69bb0,0x00000006d9900000)
 Metaspace       used 6567K, capacity 7280K, committed 7552K, reserved 1056768K
  class space    used 596K, capacity 616K, committed 640K, reserved 1048576K
}
Event: 40.063 GC heap before
{Heap before GC invocations=19 (full 3):
 PSYoungGen      total 778752K, used 778739K [0x000000076ab00000, 0x00000007b7c80000, 0x00000007c0000000)
  eden space 680960K, 100% used [0x000000076ab00000,0x0000000794400000,0x0000000794400000)
  from space 97792K, 99% used [0x0000000794400000,0x000000079a37ce90,0x000000079a380000)
  to   space 133632K, 0% used [0x00000007afa00000,0x00000007afa00000,0x00000007b7c80000)
 ParOldGen       total 418816K, used 326054K [0x00000006c0000000, 0x00000006d9900000, 0x000000076ab00000)
  object space 418816K, 77% used [0x00000006c0000000,0x00000006d3e69bb0,0x00000006d9900000)
 Metaspace       used 6571K, capacity 7280K, committed 7552K, reserved 1056768K
  class space    used 596K, capacity 616K, committed 640K, reserved 1048576K
Event: 73.646 GC heap after
Heap after GC invocations=19 (full 3):
 PSYoungGen      total 1116160K, used 106428K [0x000000076ab00000, 0x00000007ba680000, 0x00000007c0000000)
  eden space 982528K, 0% used [0x000000076ab00000,0x000000076ab00000,0x00000007a6a80000)
  from space 133632K, 79% used [0x00000007afa00000,0x00000007b61ef0d0,0x00000007b7c80000)
  to   space 146944K, 0% used [0x00000007a6a80000,0x00000007a6a80000,0x00000007afa00000)
 ParOldGen       total 424448K, used 424121K [0x00000006c0000000, 0x00000006d9e80000, 0x000000076ab00000)
  object space 424448K, 99% used [0x00000006c0000000,0x00000006d9e2e7b0,0x00000006d9e80000)
 Metaspace       used 6571K, capacity 7280K, committed 7552K, reserved 1056768K
  class space    used 596K, capacity 616K, committed 640K, reserved 1048576K
}
Event: 73.934 GC heap before
{Heap before GC invocations=20 (full 4):
 PSYoungGen      total 1116160K, used 106428K [0x000000076ab00000, 0x00000007ba680000, 0x00000007c0000000)
  eden space 982528K, 0% used [0x000000076ab00000,0x000000076ab00000,0x00000007a6a80000)
  from space 133632K, 79% used [0x00000007afa00000,0x00000007b61ef0d0,0x00000007b7c80000)
  to   space 146944K, 0% used [0x00000007a6a80000,0x00000007a6a80000,0x00000007afa00000)
 ParOldGen       total 424448K, used 424121K [0x00000006c0000000, 0x00000006d9e80000, 0x000000076ab00000)
  object space 424448K, 99% used [0x00000006c0000000,0x00000006d9e2e7b0,0x00000006d9e80000)
 Metaspace       used 6571K, capacity 7280K, committed 7552K, reserved 1056768K
  class space    used 596K, capacity 616K, committed 640K, reserved 1048576K
Event: 76.983 GC heap after
Heap after GC invocations=20 (full 4):
 PSYoungGen      total 1116160K, used 100221K [0x000000076ab00000, 0x00000007ba680000, 0x00000007c0000000)
  eden space 982528K, 0% used [0x000000076ab00000,0x000000076ab00000,0x00000007a6a80000)
  from space 133632K, 74% used [0x00000007afa00000,0x00000007b5bdf4b8,0x00000007b7c80000)
  to   space 146944K, 0% used [0x00000007a6a80000,0x00000007a6a80000,0x00000007afa00000)
 ParOldGen       total 607744K, used 424342K [0x00000006c0000000, 0x00000006e5180000, 0x000000076ab00000)
  object space 607744K, 69% used [0x00000006c0000000,0x00000006d9e65ae0,0x00000006e5180000)
 Metaspace       used 6571K, capacity 7280K, committed 7552K, reserved 1056768K
  class space    used 596K, capacity 616K, committed 640K, reserved 1048576K
}
Event: 104.178 GC heap before
{Heap before GC invocations=21 (full 4):
 PSYoungGen      total 1116160K, used 1082749K [0x000000076ab00000, 0x00000007ba680000, 0x00000007c0000000)
  eden space 982528K, 100% used [0x000000076ab00000,0x00000007a6a80000,0x00000007a6a80000)
  from space 133632K, 74% used [0x00000007afa00000,0x00000007b5bdf4b8,0x00000007b7c80000)
  to   space 146944K, 0% used [0x00000007a6a80000,0x00000007a6a80000,0x00000007afa00000)
 ParOldGen       total 607744K, used 424342K [0x00000006c0000000, 0x00000006e5180000, 0x000000076ab00000)
  object space 607744K, 69% used [0x00000006c0000000,0x00000006d9e65ae0,0x00000006e5180000)
 Metaspace       used 6573K, capacity 7280K, committed 7552K, reserved 1056768K
  class space    used 596K, capacity 616K, committed 640K, reserved 1048576K
Event: 114.717 GC heap after
Heap after GC invocations=21 (full 4):
 PSYoungGen      total 1129472K, used 146916K [0x000000076ab00000, 0x00000007c0000000, 0x00000007c0000000)
  eden space 982528K, 0% used [0x000000076ab00000,0x000000076ab00000,0x00000007a6a80000)
  from space 146944K, 99% used [0x00000007a6a80000,0x00000007af9f9170,0x00000007afa00000)
  to   space 208384K, 0% used [0x00000007b3480000,0x00000007b3480000,0x00000007c0000000)
 ParOldGen       total 607744K, used 523151K [0x00000006c0000000, 0x00000006e5180000, 0x000000076ab00000)
  object space 607744K, 86% used [0x00000006c0000000,0x00000006dfee3fb8,0x00000006e5180000)
 Metaspace       used 6573K, capacity 7280K, committed 7552K, reserved 1056768K
  class space    used 596K, capacity 616K, committed 640K, reserved 1048576K
}
Event: 115.659 GC heap before
{Heap before GC invocations=22 (full 5):
 PSYoungGen      total 1129472K, used 146916K [0x000000076ab00000, 0x00000007c0000000, 0x00000007c0000000)
  eden space 982528K, 0% used [0x000000076ab00000,0x000000076ab00000,0x00000007a6a80000)
  from space 146944K, 99% used [0x00000007a6a80000,0x00000007af9f9170,0x00000007afa00000)
  to   space 208384K, 0% used [0x00000007b3480000,0x00000007b3480000,0x00000007c0000000)
 ParOldGen       total 607744K, used 523151K [0x00000006c0000000, 0x00000006e5180000, 0x000000076ab00000)
  object space 607744K, 86% used [0x00000006c0000000,0x00000006dfee3fb8,0x00000006e5180000)
 Metaspace       used 6573K, capacity 7280K, committed 7552K, reserved 1056768K
  class space    used 596K, capacity 616K, committed 640K, reserved 1048576K

