# JRE version: OpenJDK Runtime Environment (8.0_112-b06) (build 1.8.0_112-release-b06)
# Java VM: OpenJDK 64-Bit Server VM (25.112-b06 mixed mode linux-amd64 compressed oops)
Heap:
 PSYoungGen      total 920064K, used 940K [0x000000076ab00000, 0x00000007aeb00000, 0x00000007c0000000)
  eden space 769536K, 0% used [0x000000076ab00000,0x000000076ab00000,0x0000000799a80000)
  from space 150528K, 0% used [0x00000007a3280000,0x00000007a336b220,0x00000007ac580000)
  to   space 155648K, 0% used [0x0000000799a80000,0x0000000799a80000,0x00000007a3280000)
 ParOldGen       total 794624K, used 794276K [0x00000006c0000000, 0x00000006f0800000, 0x000000076ab00000)
  object space 794624K, 99% used [0x00000006c0000000,0x00000006f07a9108,0x00000006f0800000)
 Metaspace       used 6660K, capacity 7344K, committed 7552K, reserved 1056768K
  class space    used 600K, capacity 616K, committed 640K, reserved 1048576K
GC Heap History (10 events):
Event: 27.618 GC heap after
Heap after GC invocations=20 (full 4):
 PSYoungGen      total 628736K, used 105446K [0x000000076ab00000, 0x00000007a3280000, 0x00000007c0000000)
  eden space 523264K, 0% used [0x000000076ab00000,0x000000076ab00000,0x000000078aa00000)
  from space 105472K, 99% used [0x000000078aa00000,0x00000007910f9b00,0x0000000791100000)
  to   space 142336K, 0% used [0x000000079a780000,0x000000079a780000,0x00000007a3280000)
 ParOldGen       total 563200K, used 445017K [0x00000006c0000000, 0x00000006e2600000, 0x000000076ab00000)
  object space 563200K, 79% used [0x00000006c0000000,0x00000006db2967e0,0x00000006e2600000)
 Metaspace       used 6575K, capacity 7280K, committed 7552K, reserved 1056768K
  class space    used 595K, capacity 616K, committed 640K, reserved 1048576K
}
Event: 28.932 GC heap before
{Heap before GC invocations=21 (full 4):
 PSYoungGen      total 628736K, used 628710K [0x000000076ab00000, 0x00000007a3280000, 0x00000007c0000000)
  eden space 523264K, 100% used [0x000000076ab00000,0x000000078aa00000,0x000000078aa00000)
  from space 105472K, 99% used [0x000000078aa00000,0x00000007910f9b00,0x0000000791100000)
  to   space 142336K, 0% used [0x000000079a780000,0x000000079a780000,0x00000007a3280000)
 ParOldGen       total 563200K, used 445017K [0x00000006c0000000, 0x00000006e2600000, 0x000000076ab00000)
  object space 563200K, 79% used [0x00000006c0000000,0x00000006db2967e0,0x00000006e2600000)
 Metaspace       used 6576K, capacity 7280K, committed 7552K, reserved 1056768K
  class space    used 595K, capacity 616K, committed 640K, reserved 1048576K
Event: 37.120 GC heap after
Heap after GC invocations=21 (full 4):
 PSYoungGen      total 781312K, used 79360K [0x000000076ab00000, 0x00000007a3b80000, 0x00000007c0000000)
  eden space 638976K, 0% used [0x000000076ab00000,0x000000076ab00000,0x0000000791b00000)
  from space 142336K, 55% used [0x000000079a780000,0x000000079f5001f0,0x00000007a3280000)
  to   space 143872K, 0% used [0x0000000791b00000,0x0000000791b00000,0x000000079a780000)
 ParOldGen       total 563200K, used 551126K [0x00000006c0000000, 0x00000006e2600000, 0x000000076ab00000)
  object space 563200K, 97% used [0x00000006c0000000,0x00000006e1a35888,0x00000006e2600000)
 Metaspace       used 6576K, capacity 7280K, committed 7552K, reserved 1056768K
  class space    used 595K, capacity 616K, committed 640K, reserved 1048576K
}
Event: 37.990 GC heap before
{Heap before GC invocations=22 (full 5):
 PSYoungGen      total 781312K, used 79360K [0x000000076ab00000, 0x00000007a3b80000, 0x00000007c0000000)
  eden space 638976K, 0% used [0x000000076ab00000,0x000000076ab00000,0x0000000791b00000)
  from space 142336K, 55% used [0x000000079a780000,0x000000079f5001f0,0x00000007a3280000)
  to   space 143872K, 0% used [0x0000000791b00000,0x0000000791b00000,0x000000079a780000)
 ParOldGen       total 563200K, used 551126K [0x00000006c0000000, 0x00000006e2600000, 0x000000076ab00000)
  object space 563200K, 97% used [0x00000006c0000000,0x00000006e1a35888,0x00000006e2600000)
 Metaspace       used 6576K, capacity 7280K, committed 7552K, reserved 1056768K
  class space    used 595K, capacity 616K, committed 640K, reserved 1048576K
Event: 45.533 GC heap after
Heap after GC invocations=22 (full 5):
 PSYoungGen      total 781312K, used 58982K [0x000000076ab00000, 0x00000007a3b80000, 0x00000007c0000000)
  eden space 638976K, 0% used [0x000000076ab00000,0x000000076ab00000,0x0000000791b00000)
  from space 142336K, 41% used [0x000000079a780000,0x000000079e1199a0,0x00000007a3280000)
  to   space 143872K, 0% used [0x0000000791b00000,0x0000000791b00000,0x000000079a780000)
 ParOldGen       total 794624K, used 563083K [0x00000006c0000000, 0x00000006f0800000, 0x000000076ab00000)
  object space 794624K, 70% used [0x00000006c0000000,0x00000006e25e2c48,0x00000006f0800000)
 Metaspace       used 6576K, capacity 7280K, committed 7552K, reserved 1056768K
  class space    used 595K, capacity 616K, committed 640K, reserved 1048576K
}
Event: 54.820 GC heap before
{Heap before GC invocations=23 (full 5):
 PSYoungGen      total 781312K, used 697958K [0x000000076ab00000, 0x00000007a3b80000, 0x00000007c0000000)
  eden space 638976K, 100% used [0x000000076ab00000,0x0000000791b00000,0x0000000791b00000)
  from space 142336K, 41% used [0x000000079a780000,0x000000079e1199a0,0x00000007a3280000)
  to   space 143872K, 0% used [0x0000000791b00000,0x0000000791b00000,0x000000079a780000)
 ParOldGen       total 794624K, used 563083K [0x00000006c0000000, 0x00000006f0800000, 0x000000076ab00000)
  object space 794624K, 70% used [0x00000006c0000000,0x00000006e25e2c48,0x00000006f0800000)
 Metaspace       used 6580K, capacity 7280K, committed 7552K, reserved 1056768K
  class space    used 595K, capacity 616K, committed 640K, reserved 1048576K
Event: 59.423 GC heap after
Heap after GC invocations=23 (full 5):
 PSYoungGen      total 782848K, used 94712K [0x000000076ab00000, 0x00000007ac580000, 0x00000007c0000000)
  eden space 638976K, 0% used [0x000000076ab00000,0x000000076ab00000,0x0000000791b00000)
  from space 143872K, 65% used [0x0000000791b00000,0x000000079777e328,0x000000079a780000)
  to   space 150528K, 0% used [0x00000007a3280000,0x00000007a3280000,0x00000007ac580000)
 ParOldGen       total 794624K, used 619759K [0x00000006c0000000, 0x00000006f0800000, 0x000000076ab00000)
  object space 794624K, 77% used [0x00000006c0000000,0x00000006e5d3bf60,0x00000006f0800000)
 Metaspace       used 6580K, capacity 7280K, committed 7552K, reserved 1056768K
  class space    used 595K, capacity 616K, committed 640K, reserved 1048576K
}
Event: 67.591 GC heap before
{Heap before GC invocations=24 (full 5):
 PSYoungGen      total 782848K, used 733688K [0x000000076ab00000, 0x00000007ac580000, 0x00000007c0000000)
  eden space 638976K, 100% used [0x000000076ab00000,0x0000000791b00000,0x0000000791b00000)
  from space 143872K, 65% used [0x0000000791b00000,0x000000079777e328,0x000000079a780000)
  to   space 150528K, 0% used [0x00000007a3280000,0x00000007a3280000,0x00000007ac580000)
 ParOldGen       total 794624K, used 619759K [0x00000006c0000000, 0x00000006f0800000, 0x000000076ab00000)
  object space 794624K, 77% used [0x00000006c0000000,0x00000006e5d3bf60,0x00000006f0800000)
 Metaspace       used 6660K, capacity 7344K, committed 7552K, reserved 1056768K
  class space    used 600K, capacity 616K, committed 640K, reserved 1048576K
Event: 135.901 GC heap after
Heap after GC invocations=24 (full 5):
 PSYoungGen      total 920064K, used 96714K [0x000000076ab00000, 0x00000007aeb00000, 0x00000007c0000000)
  eden space 769536K, 0% used [0x000000076ab00000,0x000000076ab00000,0x0000000799a80000)
  from space 150528K, 64% used [0x00000007a3280000,0x00000007a90f2ac8,0x00000007ac580000)
  to   space 155648K, 0% used [0x0000000799a80000,0x0000000799a80000,0x00000007a3280000)
 ParOldGen       total 794624K, used 711267K [0x00000006c0000000, 0x00000006f0800000, 0x000000076ab00000)
  object space 794624K, 89% used [0x00000006c0000000,0x00000006eb698d20,0x00000006f0800000)
 Metaspace       used 6660K, capacity 7344K, committed 7552K, reserved 1056768K
  class space    used 600K, capacity 616K, committed 640K, reserved 1048576K
}
Event: 165.533 GC heap before
{Heap before GC invocations=25 (full 6):
 PSYoungGen      total 920064K, used 96714K [0x000000076ab00000, 0x00000007aeb00000, 0x00000007c0000000)
  eden space 769536K, 0% used [0x000000076ab00000,0x000000076ab00000,0x0000000799a80000)
  from space 150528K, 64% used [0x00000007a3280000,0x00000007a90f2ac8,0x00000007ac580000)
  to   space 155648K, 0% used [0x0000000799a80000,0x0000000799a80000,0x00000007a3280000)
 ParOldGen       total 794624K, used 711267K [0x00000006c0000000, 0x00000006f0800000, 0x000000076ab00000)
  object space 794624K, 89% used [0x00000006c0000000,0x00000006eb698d20,0x00000006f0800000)
 Metaspace       used 6660K, capacity 7344K, committed 7552K, reserved 1056768K
  class space    used 600K, capacity 616K, committed 640K, reserved 1048576K

