# JRE version: OpenJDK Runtime Environment (8.0_112-b06) (build 1.8.0_112-release-b06)
# Java VM: OpenJDK 64-Bit Server VM (25.112-b06 mixed mode linux-amd64 compressed oops)
Heap:
 PSYoungGen      total 876032K, used 143351K [0x000000076ab00000, 0x00000007a8e80000, 0x00000007c0000000)
  eden space 732672K, 0% used [0x000000076ab00000,0x000000076ab00000,0x0000000797680000)
  from space 143360K, 99% used [0x0000000797680000,0x00000007a027de78,0x00000007a0280000)
  to   space 122880K, 0% used [0x00000007a1400000,0x00000007a1400000,0x00000007a8c00000)
 ParOldGen       total 436736K, used 363746K [0x00000006c0000000, 0x00000006daa80000, 0x000000076ab00000)
  object space 436736K, 83% used [0x00000006c0000000,0x00000006d6338a18,0x00000006daa80000)
 Metaspace       used 6575K, capacity 7280K, committed 7552K, reserved 1056768K
  class space    used 595K, capacity 616K, committed 640K, reserved 1048576K
GC Heap History (10 events):
Event: 7.140 GC heap after
Heap after GC invocations=11 (full 1):
 PSYoungGen      total 694784K, used 88056K [0x000000076ab00000, 0x00000007a0600000, 0x00000007c0000000)
  eden space 606720K, 0% used [0x000000076ab00000,0x000000076ab00000,0x000000078fb80000)
  from space 88064K, 99% used [0x0000000796e80000,0x000000079c47e2b8,0x000000079c480000)
  to   space 117760K, 0% used [0x000000078fb80000,0x000000078fb80000,0x0000000796e80000)
 ParOldGen       total 159744K, used 151023K [0x00000006c0000000, 0x00000006c9c00000, 0x000000076ab00000)
  object space 159744K, 94% used [0x00000006c0000000,0x00000006c937bc10,0x00000006c9c00000)
 Metaspace       used 6539K, capacity 7280K, committed 7552K, reserved 1056768K
  class space    used 595K, capacity 616K, committed 640K, reserved 1048576K
}
Event: 7.140 GC heap before
{Heap before GC invocations=12 (full 2):
 PSYoungGen      total 694784K, used 88056K [0x000000076ab00000, 0x00000007a0600000, 0x00000007c0000000)
  eden space 606720K, 0% used [0x000000076ab00000,0x000000076ab00000,0x000000078fb80000)
  from space 88064K, 99% used [0x0000000796e80000,0x000000079c47e2b8,0x000000079c480000)
  to   space 117760K, 0% used [0x000000078fb80000,0x000000078fb80000,0x0000000796e80000)
 ParOldGen       total 159744K, used 151023K [0x00000006c0000000, 0x00000006c9c00000, 0x000000076ab00000)
  object space 159744K, 94% used [0x00000006c0000000,0x00000006c937bc10,0x00000006c9c00000)
 Metaspace       used 6539K, capacity 7280K, committed 7552K, reserved 1056768K
  class space    used 595K, capacity 616K, committed 640K, reserved 1048576K
Event: 7.772 GC heap after
Heap after GC invocations=12 (full 2):
 PSYoungGen      total 694784K, used 74445K [0x000000076ab00000, 0x00000007a0600000, 0x00000007c0000000)
  eden space 606720K, 0% used [0x000000076ab00000,0x000000076ab00000,0x000000078fb80000)
  from space 88064K, 84% used [0x0000000796e80000,0x000000079b7337c0,0x000000079c480000)
  to   space 117760K, 0% used [0x000000078fb80000,0x000000078fb80000,0x0000000796e80000)
 ParOldGen       total 273920K, used 159237K [0x00000006c0000000, 0x00000006d0b80000, 0x000000076ab00000)
  object space 273920K, 58% used [0x00000006c0000000,0x00000006c9b81568,0x00000006d0b80000)
 Metaspace       used 6539K, capacity 7280K, committed 7552K, reserved 1056768K
  class space    used 595K, capacity 616K, committed 640K, reserved 1048576K
}
Event: 8.954 GC heap before
{Heap before GC invocations=13 (full 2):
 PSYoungGen      total 694784K, used 681165K [0x000000076ab00000, 0x00000007a0600000, 0x00000007c0000000)
  eden space 606720K, 100% used [0x000000076ab00000,0x000000078fb80000,0x000000078fb80000)
  from space 88064K, 84% used [0x0000000796e80000,0x000000079b7337c0,0x000000079c480000)
  to   space 117760K, 0% used [0x000000078fb80000,0x000000078fb80000,0x0000000796e80000)
 ParOldGen       total 273920K, used 159237K [0x00000006c0000000, 0x00000006d0b80000, 0x000000076ab00000)
  object space 273920K, 58% used [0x00000006c0000000,0x00000006c9b81568,0x00000006d0b80000)
 Metaspace       used 6563K, capacity 7280K, committed 7552K, reserved 1056768K
  class space    used 595K, capacity 616K, committed 640K, reserved 1048576K
Event: 9.218 GC heap after
Heap after GC invocations=13 (full 2):
 PSYoungGen      total 724480K, used 75086K [0x000000076ab00000, 0x00000007a8c00000, 0x00000007c0000000)
  eden space 606720K, 0% used [0x000000076ab00000,0x000000076ab00000,0x000000078fb80000)
  from space 117760K, 63% used [0x000000078fb80000,0x00000007944d3b48,0x0000000796e80000)
  to   space 122880K, 0% used [0x00000007a1400000,0x00000007a1400000,0x00000007a8c00000)
 ParOldGen       total 273920K, used 234070K [0x00000006c0000000, 0x00000006d0b80000, 0x000000076ab00000)
  object space 273920K, 85% used [0x00000006c0000000,0x00000006ce495868,0x00000006d0b80000)
 Metaspace       used 6563K, capacity 7280K, committed 7552K, reserved 1056768K
  class space    used 595K, capacity 616K, committed 640K, reserved 1048576K
}
Event: 9.218 GC heap before
{Heap before GC invocations=14 (full 3):
 PSYoungGen      total 724480K, used 75086K [0x000000076ab00000, 0x00000007a8c00000, 0x00000007c0000000)
  eden space 606720K, 0% used [0x000000076ab00000,0x000000076ab00000,0x000000078fb80000)
  from space 117760K, 63% used [0x000000078fb80000,0x00000007944d3b48,0x0000000796e80000)
  to   space 122880K, 0% used [0x00000007a1400000,0x00000007a1400000,0x00000007a8c00000)
 ParOldGen       total 273920K, used 234070K [0x00000006c0000000, 0x00000006d0b80000, 0x000000076ab00000)
  object space 273920K, 85% used [0x00000006c0000000,0x00000006ce495868,0x00000006d0b80000)
 Metaspace       used 6563K, capacity 7280K, committed 7552K, reserved 1056768K
  class space    used 595K, capacity 616K, committed 640K, reserved 1048576K
Event: 9.845 GC heap after
Heap after GC invocations=14 (full 3):
 PSYoungGen      total 724480K, used 28734K [0x000000076ab00000, 0x00000007a8c00000, 0x00000007c0000000)
  eden space 606720K, 0% used [0x000000076ab00000,0x000000076ab00000,0x000000078fb80000)
  from space 117760K, 24% used [0x000000078fb80000,0x000000079178fb00,0x0000000796e80000)
  to   space 122880K, 0% used [0x00000007a1400000,0x00000007a1400000,0x00000007a8c00000)
 ParOldGen       total 436736K, used 273893K [0x00000006c0000000, 0x00000006daa80000, 0x000000076ab00000)
  object space 436736K, 62% used [0x00000006c0000000,0x00000006d0b79738,0x00000006daa80000)
 Metaspace       used 6563K, capacity 7280K, committed 7552K, reserved 1056768K
  class space    used 595K, capacity 616K, committed 640K, reserved 1048576K
}
Event: 11.453 GC heap before
{Heap before GC invocations=15 (full 3):
 PSYoungGen      total 724480K, used 635454K [0x000000076ab00000, 0x00000007a8c00000, 0x00000007c0000000)
  eden space 606720K, 100% used [0x000000076ab00000,0x000000078fb80000,0x000000078fb80000)
  from space 117760K, 24% used [0x000000078fb80000,0x000000079178fb00,0x0000000796e80000)
  to   space 122880K, 0% used [0x00000007a1400000,0x00000007a1400000,0x00000007a8c00000)
 ParOldGen       total 436736K, used 273893K [0x00000006c0000000, 0x00000006daa80000, 0x000000076ab00000)
  object space 436736K, 62% used [0x00000006c0000000,0x00000006d0b79738,0x00000006daa80000)
 Metaspace       used 6568K, capacity 7280K, committed 7552K, reserved 1056768K
  class space    used 595K, capacity 616K, committed 640K, reserved 1048576K
Event: 11.622 GC heap after
Heap after GC invocations=15 (full 3):
 PSYoungGen      total 855552K, used 120859K [0x000000076ab00000, 0x00000007a8e80000, 0x00000007c0000000)
  eden space 732672K, 0% used [0x000000076ab00000,0x000000076ab00000,0x0000000797680000)
  from space 122880K, 98% used [0x00000007a1400000,0x00000007a8a06d68,0x00000007a8c00000)
  to   space 143360K, 0% used [0x0000000797680000,0x0000000797680000,0x00000007a0280000)
 ParOldGen       total 436736K, used 273893K [0x00000006c0000000, 0x00000006daa80000, 0x000000076ab00000)
  object space 436736K, 62% used [0x00000006c0000000,0x00000006d0b79738,0x00000006daa80000)
 Metaspace       used 6568K, capacity 7280K, committed 7552K, reserved 1056768K
  class space    used 595K, capacity 616K, committed 640K, reserved 1048576K
}
Event: 13.259 GC heap before
{Heap before GC invocations=16 (full 3):
 PSYoungGen      total 855552K, used 853531K [0x000000076ab00000, 0x00000007a8e80000, 0x00000007c0000000)
  eden space 732672K, 100% used [0x000000076ab00000,0x0000000797680000,0x0000000797680000)
  from space 122880K, 98% used [0x00000007a1400000,0x00000007a8a06d68,0x00000007a8c00000)
  to   space 143360K, 0% used [0x0000000797680000,0x0000000797680000,0x00000007a0280000)
 ParOldGen       total 436736K, used 273893K [0x00000006c0000000, 0x00000006daa80000, 0x000000076ab00000)
  object space 436736K, 62% used [0x00000006c0000000,0x00000006d0b79738,0x00000006daa80000)
 Metaspace       used 6575K, capacity 7280K, committed 7552K, reserved 1056768K
  class space    used 595K, capacity 616K, committed 640K, reserved 1048576K

