# JRE version: OpenJDK Runtime Environment (8.0_112-b06) (build 1.8.0_112-release-b06)
# Java VM: OpenJDK 64-Bit Server VM (25.112-b06 mixed mode linux-amd64 compressed oops)
Heap:
 PSYoungGen      total 827904K, used 92654K [0x000000076ab00000, 0x00000007a3a00000, 0x00000007c0000000)
  eden space 735232K, 0% used [0x000000076ab00000,0x000000076ab00000,0x0000000797900000)
  from space 92672K, 99% used [0x0000000797900000,0x000000079d37b848,0x000000079d380000)
  to   space 83456K, 0% used [0x000000079d380000,0x000000079d380000,0x00000007a2500000)
 ParOldGen       total 410624K, used 360872K [0x00000006c0000000, 0x00000006d9100000, 0x000000076ab00000)
  object space 410624K, 87% used [0x00000006c0000000,0x00000006d606a038,0x00000006d9100000)
 Metaspace       used 6577K, capacity 7280K, committed 7552K, reserved 1056768K
  class space    used 595K, capacity 616K, committed 640K, reserved 1048576K
GC Heap History (10 events):
Event: 42.877 GC heap after
Heap after GC invocations=13 (full 1):
 PSYoungGen      total 568832K, used 44112K [0x000000076ab00000, 0x0000000793980000, 0x00000007c0000000)
  eden space 499712K, 0% used [0x000000076ab00000,0x000000076ab00000,0x0000000789300000)
  from space 69120K, 63% used [0x000000078d980000,0x0000000790494358,0x0000000791d00000)
  to   space 72192K, 0% used [0x0000000789300000,0x0000000789300000,0x000000078d980000)
 ParOldGen       total 167936K, used 167792K [0x00000006c0000000, 0x00000006ca400000, 0x000000076ab00000)
  object space 167936K, 99% used [0x00000006c0000000,0x00000006ca3dc1d0,0x00000006ca400000)
 Metaspace       used 6541K, capacity 7280K, committed 7552K, reserved 1056768K
  class space    used 595K, capacity 616K, committed 640K, reserved 1048576K
}
Event: 42.877 GC heap before
{Heap before GC invocations=14 (full 2):
 PSYoungGen      total 568832K, used 44112K [0x000000076ab00000, 0x0000000793980000, 0x00000007c0000000)
  eden space 499712K, 0% used [0x000000076ab00000,0x000000076ab00000,0x0000000789300000)
  from space 69120K, 63% used [0x000000078d980000,0x0000000790494358,0x0000000791d00000)
  to   space 72192K, 0% used [0x0000000789300000,0x0000000789300000,0x000000078d980000)
 ParOldGen       total 167936K, used 167792K [0x00000006c0000000, 0x00000006ca400000, 0x000000076ab00000)
  object space 167936K, 99% used [0x00000006c0000000,0x00000006ca3dc1d0,0x00000006ca400000)
 Metaspace       used 6541K, capacity 7280K, committed 7552K, reserved 1056768K
  class space    used 595K, capacity 616K, committed 640K, reserved 1048576K
Event: 43.829 GC heap after
Heap after GC invocations=14 (full 2):
 PSYoungGen      total 568832K, used 40720K [0x000000076ab00000, 0x0000000793980000, 0x00000007c0000000)
  eden space 499712K, 0% used [0x000000076ab00000,0x000000076ab00000,0x0000000789300000)
  from space 69120K, 58% used [0x000000078d980000,0x0000000790144288,0x0000000791d00000)
  to   space 72192K, 0% used [0x0000000789300000,0x0000000789300000,0x000000078d980000)
 ParOldGen       total 273408K, used 167885K [0x00000006c0000000, 0x00000006d0b00000, 0x000000076ab00000)
  object space 273408K, 61% used [0x00000006c0000000,0x00000006ca3f3498,0x00000006d0b00000)
 Metaspace       used 6541K, capacity 7280K, committed 7552K, reserved 1056768K
  class space    used 595K, capacity 616K, committed 640K, reserved 1048576K
}
Event: 50.235 GC heap before
{Heap before GC invocations=15 (full 2):
 PSYoungGen      total 568832K, used 540432K [0x000000076ab00000, 0x0000000793980000, 0x00000007c0000000)
  eden space 499712K, 100% used [0x000000076ab00000,0x0000000789300000,0x0000000789300000)
  from space 69120K, 58% used [0x000000078d980000,0x0000000790144288,0x0000000791d00000)
  to   space 72192K, 0% used [0x0000000789300000,0x0000000789300000,0x000000078d980000)
 ParOldGen       total 273408K, used 167885K [0x00000006c0000000, 0x00000006d0b00000, 0x000000076ab00000)
  object space 273408K, 61% used [0x00000006c0000000,0x00000006ca3f3498,0x00000006d0b00000)
 Metaspace       used 6552K, capacity 7280K, committed 7552K, reserved 1056768K
  class space    used 595K, capacity 616K, committed 640K, reserved 1048576K
Event: 53.466 GC heap after
Heap after GC invocations=15 (full 2):
 PSYoungGen      total 571904K, used 70470K [0x000000076ab00000, 0x00000007a2500000, 0x00000007c0000000)
  eden space 499712K, 0% used [0x000000076ab00000,0x000000076ab00000,0x0000000789300000)
  from space 72192K, 97% used [0x0000000789300000,0x000000078d7d1b38,0x000000078d980000)
  to   space 83456K, 0% used [0x000000079d380000,0x000000079d380000,0x00000007a2500000)
 ParOldGen       total 273408K, used 207836K [0x00000006c0000000, 0x00000006d0b00000, 0x000000076ab00000)
  object space 273408K, 76% used [0x00000006c0000000,0x00000006ccaf72b8,0x00000006d0b00000)
 Metaspace       used 6552K, capacity 7280K, committed 7552K, reserved 1056768K
  class space    used 595K, capacity 616K, committed 640K, reserved 1048576K
}
Event: 62.880 GC heap before
{Heap before GC invocations=16 (full 2):
 PSYoungGen      total 571904K, used 570182K [0x000000076ab00000, 0x00000007a2500000, 0x00000007c0000000)
  eden space 499712K, 100% used [0x000000076ab00000,0x0000000789300000,0x0000000789300000)
  from space 72192K, 97% used [0x0000000789300000,0x000000078d7d1b38,0x000000078d980000)
  to   space 83456K, 0% used [0x000000079d380000,0x000000079d380000,0x00000007a2500000)
 ParOldGen       total 273408K, used 207836K [0x00000006c0000000, 0x00000006d0b00000, 0x000000076ab00000)
  object space 273408K, 76% used [0x00000006c0000000,0x00000006ccaf72b8,0x00000006d0b00000)
 Metaspace       used 6568K, capacity 7280K, committed 7552K, reserved 1056768K
  class space    used 595K, capacity 616K, committed 640K, reserved 1048576K
Event: 72.449 GC heap after
Heap after GC invocations=16 (full 2):
 PSYoungGen      total 818688K, used 69226K [0x000000076ab00000, 0x00000007a3a00000, 0x00000007c0000000)
  eden space 735232K, 0% used [0x000000076ab00000,0x000000076ab00000,0x0000000797900000)
  from space 83456K, 82% used [0x000000079d380000,0x00000007a171aaa8,0x00000007a2500000)
  to   space 92672K, 0% used [0x0000000797900000,0x0000000797900000,0x000000079d380000)
 ParOldGen       total 276480K, used 276185K [0x00000006c0000000, 0x00000006d0e00000, 0x000000076ab00000)
  object space 276480K, 99% used [0x00000006c0000000,0x00000006d0db67f0,0x00000006d0e00000)
 Metaspace       used 6568K, capacity 7280K, committed 7552K, reserved 1056768K
  class space    used 595K, capacity 616K, committed 640K, reserved 1048576K
}
Event: 72.624 GC heap before
{Heap before GC invocations=17 (full 3):
 PSYoungGen      total 818688K, used 69226K [0x000000076ab00000, 0x00000007a3a00000, 0x00000007c0000000)
  eden space 735232K, 0% used [0x000000076ab00000,0x000000076ab00000,0x0000000797900000)
  from space 83456K, 82% used [0x000000079d380000,0x00000007a171aaa8,0x00000007a2500000)
  to   space 92672K, 0% used [0x0000000797900000,0x0000000797900000,0x000000079d380000)
 ParOldGen       total 276480K, used 276185K [0x00000006c0000000, 0x00000006d0e00000, 0x000000076ab00000)
  object space 276480K, 99% used [0x00000006c0000000,0x00000006d0db67f0,0x00000006d0e00000)
 Metaspace       used 6568K, capacity 7280K, committed 7552K, reserved 1056768K
  class space    used 595K, capacity 616K, committed 640K, reserved 1048576K
Event: 74.965 GC heap after
Heap after GC invocations=17 (full 3):
 PSYoungGen      total 818688K, used 63674K [0x000000076ab00000, 0x00000007a3a00000, 0x00000007c0000000)
  eden space 735232K, 0% used [0x000000076ab00000,0x000000076ab00000,0x0000000797900000)
  from space 83456K, 76% used [0x000000079d380000,0x00000007a11aea48,0x00000007a2500000)
  to   space 92672K, 0% used [0x0000000797900000,0x0000000797900000,0x000000079d380000)
 ParOldGen       total 410624K, used 276293K [0x00000006c0000000, 0x00000006d9100000, 0x000000076ab00000)
  object space 410624K, 67% used [0x00000006c0000000,0x00000006d0dd1690,0x00000006d9100000)
 Metaspace       used 6568K, capacity 7280K, committed 7552K, reserved 1056768K
  class space    used 595K, capacity 616K, committed 640K, reserved 1048576K
}
Event: 87.120 GC heap before
{Heap before GC invocations=18 (full 3):
 PSYoungGen      total 818688K, used 798906K [0x000000076ab00000, 0x00000007a3a00000, 0x00000007c0000000)
  eden space 735232K, 100% used [0x000000076ab00000,0x0000000797900000,0x0000000797900000)
  from space 83456K, 76% used [0x000000079d380000,0x00000007a11aea48,0x00000007a2500000)
  to   space 92672K, 0% used [0x0000000797900000,0x0000000797900000,0x000000079d380000)
 ParOldGen       total 410624K, used 276293K [0x00000006c0000000, 0x00000006d9100000, 0x000000076ab00000)
  object space 410624K, 67% used [0x00000006c0000000,0x00000006d0dd1690,0x00000006d9100000)
 Metaspace       used 6577K, capacity 7280K, committed 7552K, reserved 1056768K
  class space    used 595K, capacity 616K, committed 640K, reserved 1048576K

