# JRE version: OpenJDK Runtime Environment (8.0_112-b06) (build 1.8.0_112-release-b06)
# Java VM: OpenJDK 64-Bit Server VM (25.112-b06 mixed mode linux-amd64 compressed oops)
Heap:
 PSYoungGen      total 851968K, used 127993K [0x000000076ab00000, 0x00000007a6800000, 0x00000007c0000000)
  eden space 723968K, 0% used [0x000000076ab00000,0x000000076ab00000,0x0000000796e00000)
  from space 128000K, 99% used [0x0000000796e00000,0x000000079eafe620,0x000000079eb00000)
  to   space 91136K, 0% used [0x00000007a0f00000,0x00000007a0f00000,0x00000007a6800000)
 ParOldGen       total 446464K, used 360395K [0x00000006c0000000, 0x00000006db400000, 0x000000076ab00000)
  object space 446464K, 80% used [0x00000006c0000000,0x00000006d5ff2f60,0x00000006db400000)
 Metaspace       used 6569K, capacity 7280K, committed 7552K, reserved 1056768K
  class space    used 595K, capacity 616K, committed 640K, reserved 1048576K
GC Heap History (10 events):
Event: 6.980 GC heap after
Heap after GC invocations=11 (full 1):
 PSYoungGen      total 656896K, used 88062K [0x000000076ab00000, 0x000000079ed80000, 0x00000007c0000000)
  eden space 568832K, 0% used [0x000000076ab00000,0x000000076ab00000,0x000000078d680000)
  from space 88064K, 99% used [0x0000000794900000,0x0000000799effbf0,0x0000000799f00000)
  to   space 117248K, 0% used [0x000000078d680000,0x000000078d680000,0x0000000794900000)
 ParOldGen       total 163328K, used 149600K [0x00000006c0000000, 0x00000006c9f80000, 0x000000076ab00000)
  object space 163328K, 91% used [0x00000006c0000000,0x00000006c9218328,0x00000006c9f80000)
 Metaspace       used 6537K, capacity 7280K, committed 7552K, reserved 1056768K
  class space    used 593K, capacity 616K, committed 640K, reserved 1048576K
}
Event: 6.980 GC heap before
{Heap before GC invocations=12 (full 2):
 PSYoungGen      total 656896K, used 88062K [0x000000076ab00000, 0x000000079ed80000, 0x00000007c0000000)
  eden space 568832K, 0% used [0x000000076ab00000,0x000000076ab00000,0x000000078d680000)
  from space 88064K, 99% used [0x0000000794900000,0x0000000799effbf0,0x0000000799f00000)
  to   space 117248K, 0% used [0x000000078d680000,0x000000078d680000,0x0000000794900000)
 ParOldGen       total 163328K, used 149600K [0x00000006c0000000, 0x00000006c9f80000, 0x000000076ab00000)
  object space 163328K, 91% used [0x00000006c0000000,0x00000006c9218328,0x00000006c9f80000)
 Metaspace       used 6537K, capacity 7280K, committed 7552K, reserved 1056768K
  class space    used 593K, capacity 616K, committed 640K, reserved 1048576K
Event: 7.548 GC heap after
Heap after GC invocations=12 (full 2):
 PSYoungGen      total 656896K, used 68357K [0x000000076ab00000, 0x000000079ed80000, 0x00000007c0000000)
  eden space 568832K, 0% used [0x000000076ab00000,0x000000076ab00000,0x000000078d680000)
  from space 88064K, 77% used [0x0000000794900000,0x0000000798bc1718,0x0000000799f00000)
  to   space 117248K, 0% used [0x000000078d680000,0x000000078d680000,0x0000000794900000)
 ParOldGen       total 283648K, used 163077K [0x00000006c0000000, 0x00000006d1500000, 0x000000076ab00000)
  object space 283648K, 57% used [0x00000006c0000000,0x00000006c9f414d0,0x00000006d1500000)
 Metaspace       used 6537K, capacity 7280K, committed 7552K, reserved 1056768K
  class space    used 593K, capacity 616K, committed 640K, reserved 1048576K
}
Event: 11.563 GC heap before
{Heap before GC invocations=13 (full 2):
 PSYoungGen      total 656896K, used 637189K [0x000000076ab00000, 0x000000079ed80000, 0x00000007c0000000)
  eden space 568832K, 100% used [0x000000076ab00000,0x000000078d680000,0x000000078d680000)
  from space 88064K, 77% used [0x0000000794900000,0x0000000798bc1718,0x0000000799f00000)
  to   space 117248K, 0% used [0x000000078d680000,0x000000078d680000,0x0000000794900000)
 ParOldGen       total 283648K, used 163077K [0x00000006c0000000, 0x00000006d1500000, 0x000000076ab00000)
  object space 283648K, 57% used [0x00000006c0000000,0x00000006c9f414d0,0x00000006d1500000)
 Metaspace       used 6547K, capacity 7280K, committed 7552K, reserved 1056768K
  class space    used 594K, capacity 616K, committed 640K, reserved 1048576K
Event: 16.437 GC heap after
Heap after GC invocations=13 (full 2):
 PSYoungGen      total 686080K, used 65210K [0x000000076ab00000, 0x00000007a8300000, 0x00000007c0000000)
  eden space 568832K, 0% used [0x000000076ab00000,0x000000076ab00000,0x000000078d680000)
  from space 117248K, 55% used [0x000000078d680000,0x000000079162e8c0,0x0000000794900000)
  to   space 118784K, 0% used [0x00000007a0f00000,0x00000007a0f00000,0x00000007a8300000)
 ParOldGen       total 283648K, used 231483K [0x00000006c0000000, 0x00000006d1500000, 0x000000076ab00000)
  object space 283648K, 81% used [0x00000006c0000000,0x00000006ce20efe8,0x00000006d1500000)
 Metaspace       used 6547K, capacity 7280K, committed 7552K, reserved 1056768K
  class space    used 594K, capacity 616K, committed 640K, reserved 1048576K
}
Event: 16.437 GC heap before
{Heap before GC invocations=14 (full 3):
 PSYoungGen      total 686080K, used 65210K [0x000000076ab00000, 0x00000007a8300000, 0x00000007c0000000)
  eden space 568832K, 0% used [0x000000076ab00000,0x000000076ab00000,0x000000078d680000)
  from space 117248K, 55% used [0x000000078d680000,0x000000079162e8c0,0x0000000794900000)
  to   space 118784K, 0% used [0x00000007a0f00000,0x00000007a0f00000,0x00000007a8300000)
 ParOldGen       total 283648K, used 231483K [0x00000006c0000000, 0x00000006d1500000, 0x000000076ab00000)
  object space 283648K, 81% used [0x00000006c0000000,0x00000006ce20efe8,0x00000006d1500000)
 Metaspace       used 6547K, capacity 7280K, committed 7552K, reserved 1056768K
  class space    used 594K, capacity 616K, committed 640K, reserved 1048576K
Event: 22.451 GC heap after
Heap after GC invocations=14 (full 3):
 PSYoungGen      total 686080K, used 7655K [0x000000076ab00000, 0x00000007a8300000, 0x00000007c0000000)
  eden space 568832K, 0% used [0x000000076ab00000,0x000000076ab00000,0x000000078d680000)
  from space 117248K, 6% used [0x000000078d680000,0x000000078ddf9f00,0x0000000794900000)
  to   space 118784K, 0% used [0x00000007a0f00000,0x00000007a0f00000,0x00000007a8300000)
 ParOldGen       total 446464K, used 283557K [0x00000006c0000000, 0x00000006db400000, 0x000000076ab00000)
  object space 446464K, 63% used [0x00000006c0000000,0x00000006d14e9658,0x00000006db400000)
 Metaspace       used 6547K, capacity 7280K, committed 7552K, reserved 1056768K
  class space    used 594K, capacity 616K, committed 640K, reserved 1048576K
}
Event: 35.002 GC heap before
{Heap before GC invocations=15 (full 3):
 PSYoungGen      total 686080K, used 576487K [0x000000076ab00000, 0x00000007a8300000, 0x00000007c0000000)
  eden space 568832K, 100% used [0x000000076ab00000,0x000000078d680000,0x000000078d680000)
  from space 117248K, 6% used [0x000000078d680000,0x000000078ddf9f00,0x0000000794900000)
  to   space 118784K, 0% used [0x00000007a0f00000,0x00000007a0f00000,0x00000007a8300000)
 ParOldGen       total 446464K, used 283557K [0x00000006c0000000, 0x00000006db400000, 0x000000076ab00000)
  object space 446464K, 63% used [0x00000006c0000000,0x00000006d14e9658,0x00000006db400000)
 Metaspace       used 6560K, capacity 7280K, committed 7552K, reserved 1056768K
  class space    used 595K, capacity 616K, committed 640K, reserved 1048576K
Event: 38.293 GC heap after
Heap after GC invocations=15 (full 3):
 PSYoungGen      total 815104K, used 87519K [0x000000076ab00000, 0x00000007a6800000, 0x00000007c0000000)
  eden space 723968K, 0% used [0x000000076ab00000,0x000000076ab00000,0x0000000796e00000)
  from space 91136K, 96% used [0x00000007a0f00000,0x00000007a6477c28,0x00000007a6800000)
  to   space 128000K, 0% used [0x0000000796e00000,0x0000000796e00000,0x000000079eb00000)
 ParOldGen       total 446464K, used 289043K [0x00000006c0000000, 0x00000006db400000, 0x000000076ab00000)
  object space 446464K, 64% used [0x00000006c0000000,0x00000006d1a44c60,0x00000006db400000)
 Metaspace       used 6560K, capacity 7280K, committed 7552K, reserved 1056768K
  class space    used 595K, capacity 616K, committed 640K, reserved 1048576K
}
Event: 48.487 GC heap before
{Heap before GC invocations=16 (full 3):
 PSYoungGen      total 815104K, used 811487K [0x000000076ab00000, 0x00000007a6800000, 0x00000007c0000000)
  eden space 723968K, 100% used [0x000000076ab00000,0x0000000796e00000,0x0000000796e00000)
  from space 91136K, 96% used [0x00000007a0f00000,0x00000007a6477c28,0x00000007a6800000)
  to   space 128000K, 0% used [0x0000000796e00000,0x0000000796e00000,0x000000079eb00000)
 ParOldGen       total 446464K, used 289043K [0x00000006c0000000, 0x00000006db400000, 0x000000076ab00000)
  object space 446464K, 64% used [0x00000006c0000000,0x00000006d1a44c60,0x00000006db400000)
 Metaspace       used 6569K, capacity 7280K, committed 7552K, reserved 1056768K
  class space    used 595K, capacity 616K, committed 640K, reserved 1048576K

