# JRE version: OpenJDK Runtime Environment (8.0_112-b06) (build 1.8.0_112-release-b06)
# Java VM: OpenJDK 64-Bit Server VM (25.112-b06 mixed mode linux-amd64 compressed oops)
Heap:
 PSYoungGen      total 1009664K, used 49006K [0x000000076ab00000, 0x00000007c0000000, 0x00000007c0000000)
  eden space 862208K, 0% used [0x000000076ab00000,0x000000076ab00000,0x000000079f500000)
  from space 147456K, 33% used [0x000000079f500000,0x00000007a24db830,0x00000007a8500000)
  to   space 269312K, 0% used [0x00000007af900000,0x00000007af900000,0x00000007c0000000)
 ParOldGen       total 785920K, used 785517K [0x00000006c0000000, 0x00000006eff80000, 0x000000076ab00000)
  object space 785920K, 99% used [0x00000006c0000000,0x00000006eff1b610,0x00000006eff80000)
 Metaspace       used 6968K, capacity 7604K, committed 7808K, reserved 1056768K
  class space    used 617K, capacity 620K, committed 640K, reserved 1048576K
GC Heap History (10 events):
Event: 13.901 GC heap after
Heap after GC invocations=17 (full 3):
 PSYoungGen      total 926208K, used 156375K [0x000000076ab00000, 0x00000007b3d80000, 0x00000007c0000000)
  eden space 753152K, 0% used [0x000000076ab00000,0x000000076ab00000,0x0000000798a80000)
  from space 173056K, 90% used [0x00000007a4b00000,0x00000007ae3b5c40,0x00000007af400000)
  to   space 197120K, 0% used [0x0000000798a80000,0x0000000798a80000,0x00000007a4b00000)
 ParOldGen       total 469504K, used 424990K [0x00000006c0000000, 0x00000006dca80000, 0x000000076ab00000)
  object space 469504K, 90% used [0x00000006c0000000,0x00000006d9f07a80,0x00000006dca80000)
 Metaspace       used 6575K, capacity 7280K, committed 7552K, reserved 1056768K
  class space    used 595K, capacity 616K, committed 640K, reserved 1048576K
}
Event: 13.901 GC heap before
{Heap before GC invocations=18 (full 4):
 PSYoungGen      total 926208K, used 156375K [0x000000076ab00000, 0x00000007b3d80000, 0x00000007c0000000)
  eden space 753152K, 0% used [0x000000076ab00000,0x000000076ab00000,0x0000000798a80000)
  from space 173056K, 90% used [0x00000007a4b00000,0x00000007ae3b5c40,0x00000007af400000)
  to   space 197120K, 0% used [0x0000000798a80000,0x0000000798a80000,0x00000007a4b00000)
 ParOldGen       total 469504K, used 424990K [0x00000006c0000000, 0x00000006dca80000, 0x000000076ab00000)
  object space 469504K, 90% used [0x00000006c0000000,0x00000006d9f07a80,0x00000006dca80000)
 Metaspace       used 6575K, capacity 7280K, committed 7552K, reserved 1056768K
  class space    used 595K, capacity 616K, committed 640K, reserved 1048576K
Event: 15.546 GC heap after
Heap after GC invocations=18 (full 4):
 PSYoungGen      total 926208K, used 104044K [0x000000076ab00000, 0x00000007b3d80000, 0x00000007c0000000)
  eden space 753152K, 0% used [0x000000076ab00000,0x000000076ab00000,0x0000000798a80000)
  from space 173056K, 60% used [0x00000007a4b00000,0x00000007ab09b150,0x00000007af400000)
  to   space 197120K, 0% used [0x0000000798a80000,0x0000000798a80000,0x00000007a4b00000)
 ParOldGen       total 721920K, used 469407K [0x00000006c0000000, 0x00000006ec100000, 0x000000076ab00000)
  object space 721920K, 65% used [0x00000006c0000000,0x00000006dca67ea0,0x00000006ec100000)
 Metaspace       used 6575K, capacity 7280K, committed 7552K, reserved 1056768K
  class space    used 595K, capacity 616K, committed 640K, reserved 1048576K
}
Event: 17.265 GC heap before
{Heap before GC invocations=19 (full 4):
 PSYoungGen      total 926208K, used 857196K [0x000000076ab00000, 0x00000007b3d80000, 0x00000007c0000000)
  eden space 753152K, 100% used [0x000000076ab00000,0x0000000798a80000,0x0000000798a80000)
  from space 173056K, 60% used [0x00000007a4b00000,0x00000007ab09b150,0x00000007af400000)
  to   space 197120K, 0% used [0x0000000798a80000,0x0000000798a80000,0x00000007a4b00000)
 ParOldGen       total 721920K, used 469407K [0x00000006c0000000, 0x00000006ec100000, 0x000000076ab00000)
  object space 721920K, 65% used [0x00000006c0000000,0x00000006dca67ea0,0x00000006ec100000)
 Metaspace       used 6578K, capacity 7280K, committed 7552K, reserved 1056768K
  class space    used 595K, capacity 616K, committed 640K, reserved 1048576K
Event: 23.906 GC heap after
Heap after GC invocations=19 (full 4):
 PSYoungGen      total 950272K, used 197097K [0x000000076ab00000, 0x00000007c0000000, 0x00000007c0000000)
  eden space 753152K, 0% used [0x000000076ab00000,0x000000076ab00000,0x0000000798a80000)
  from space 197120K, 99% used [0x0000000798a80000,0x00000007a4afa4e8,0x00000007a4b00000)
  to   space 236544K, 0% used [0x00000007b1900000,0x00000007b1900000,0x00000007c0000000)
 ParOldGen       total 721920K, used 483738K [0x00000006c0000000, 0x00000006ec100000, 0x000000076ab00000)
  object space 721920K, 67% used [0x00000006c0000000,0x00000006dd866a78,0x00000006ec100000)
 Metaspace       used 6578K, capacity 7280K, committed 7552K, reserved 1056768K
  class space    used 595K, capacity 616K, committed 640K, reserved 1048576K
}
Event: 32.320 GC heap before
{Heap before GC invocations=20 (full 4):
 PSYoungGen      total 950272K, used 950249K [0x000000076ab00000, 0x00000007c0000000, 0x00000007c0000000)
  eden space 753152K, 100% used [0x000000076ab00000,0x0000000798a80000,0x0000000798a80000)
  from space 197120K, 99% used [0x0000000798a80000,0x00000007a4afa4e8,0x00000007a4b00000)
  to   space 236544K, 0% used [0x00000007b1900000,0x00000007b1900000,0x00000007c0000000)
 ParOldGen       total 721920K, used 483738K [0x00000006c0000000, 0x00000006ec100000, 0x000000076ab00000)
  object space 721920K, 67% used [0x00000006c0000000,0x00000006dd866a78,0x00000006ec100000)
 Metaspace       used 6689K, capacity 7346K, committed 7552K, reserved 1056768K
  class space    used 602K, capacity 618K, committed 640K, reserved 1048576K
Event: 54.934 GC heap after
Heap after GC invocations=20 (full 4):
 PSYoungGen      total 1098752K, used 211298K [0x000000076ab00000, 0x00000007c0000000, 0x00000007c0000000)
  eden space 862208K, 0% used [0x000000076ab00000,0x000000076ab00000,0x000000079f500000)
  from space 236544K, 89% used [0x00000007b1900000,0x00000007be758a28,0x00000007c0000000)
  to   space 267776K, 0% used [0x000000079f500000,0x000000079f500000,0x00000007afa80000)
 ParOldGen       total 721920K, used 580664K [0x00000006c0000000, 0x00000006ec100000, 0x000000076ab00000)
  object space 721920K, 80% used [0x00000006c0000000,0x00000006e370e1a0,0x00000006ec100000)
 Metaspace       used 6689K, capacity 7346K, committed 7552K, reserved 1056768K
  class space    used 602K, capacity 618K, committed 640K, reserved 1048576K
}
Event: 61.773 GC heap before
{Heap before GC invocations=21 (full 4):
 PSYoungGen      total 1098752K, used 1073506K [0x000000076ab00000, 0x00000007c0000000, 0x00000007c0000000)
  eden space 862208K, 100% used [0x000000076ab00000,0x000000079f500000,0x000000079f500000)
  from space 236544K, 89% used [0x00000007b1900000,0x00000007be758a28,0x00000007c0000000)
  to   space 267776K, 0% used [0x000000079f500000,0x000000079f500000,0x00000007afa80000)
 ParOldGen       total 721920K, used 580664K [0x00000006c0000000, 0x00000006ec100000, 0x000000076ab00000)
  object space 721920K, 80% used [0x00000006c0000000,0x00000006e370e1a0,0x00000006ec100000)
 Metaspace       used 6968K, capacity 7604K, committed 7808K, reserved 1056768K
  class space    used 617K, capacity 620K, committed 640K, reserved 1048576K
Event: 64.118 GC heap after
Heap after GC invocations=21 (full 4):
 PSYoungGen      total 1009664K, used 146950K [0x000000076ab00000, 0x00000007c0000000, 0x00000007c0000000)
  eden space 862208K, 0% used [0x000000076ab00000,0x000000076ab00000,0x000000079f500000)
  from space 147456K, 99% used [0x000000079f500000,0x00000007a8481aa8,0x00000007a8500000)
  to   space 269312K, 0% used [0x00000007af900000,0x00000007af900000,0x00000007c0000000)
 ParOldGen       total 785920K, used 785879K [0x00000006c0000000, 0x00000006eff80000, 0x000000076ab00000)
  object space 785920K, 99% used [0x00000006c0000000,0x00000006eff75d10,0x00000006eff80000)
 Metaspace       used 6968K, capacity 7604K, committed 7808K, reserved 1056768K
  class space    used 617K, capacity 620K, committed 640K, reserved 1048576K
}
Event: 65.735 GC heap before
{Heap before GC invocations=22 (full 5):
 PSYoungGen      total 1009664K, used 146950K [0x000000076ab00000, 0x00000007c0000000, 0x00000007c0000000)
  eden space 862208K, 0% used [0x000000076ab00000,0x000000076ab00000,0x000000079f500000)
  from space 147456K, 99% used [0x000000079f500000,0x00000007a8481aa8,0x00000007a8500000)
  to   space 269312K, 0% used [0x00000007af900000,0x00000007af900000,0x00000007c0000000)
 ParOldGen       total 785920K, used 785879K [0x00000006c0000000, 0x00000006eff80000, 0x000000076ab00000)
  object space 785920K, 99% used [0x00000006c0000000,0x00000006eff75d10,0x00000006eff80000)
 Metaspace       used 6968K, capacity 7604K, committed 7808K, reserved 1056768K
  class space    used 617K, capacity 620K, committed 640K, reserved 1048576K

