# JRE version: OpenJDK Runtime Environment (8.0_112-b06) (build 1.8.0_112-release-b06)
# Java VM: OpenJDK 64-Bit Server VM (25.112-b06 mixed mode linux-amd64 compressed oops)
Heap:
 PSYoungGen      total 1155584K, used 58489K [0x000000076ab00000, 0x00000007c0000000, 0x00000007c0000000)
  eden space 944128K, 0% used [0x000000076ab00000,0x000000076ab00000,0x00000007a4500000)
  from space 211456K, 27% used [0x00000007a4500000,0x00000007a7e1e560,0x00000007b1380000)
  to   space 220672K, 0% used [0x00000007b2880000,0x00000007b2880000,0x00000007c0000000)
 ParOldGen       total 673792K, used 673696K [0x00000006c0000000, 0x00000006e9200000, 0x000000076ab00000)
  object space 673792K, 99% used [0x00000006c0000000,0x00000006e91e8028,0x00000006e9200000)
 Metaspace       used 6582K, capacity 7280K, committed 7552K, reserved 1056768K
  class space    used 595K, capacity 616K, committed 640K, reserved 1048576K
GC Heap History (10 events):
Event: 54.356 GC heap after
Heap after GC invocations=15 (full 3):
 PSYoungGen      total 849408K, used 106506K [0x000000076ab00000, 0x00000007a7b00000, 0x00000007c0000000)
  eden space 731136K, 0% used [0x000000076ab00000,0x000000076ab00000,0x0000000797500000)
  from space 118272K, 90% used [0x00000007a0580000,0x00000007a6d82a40,0x00000007a7900000)
  to   space 134144K, 0% used [0x0000000797500000,0x0000000797500000,0x000000079f800000)
 ParOldGen       total 441856K, used 277513K [0x00000006c0000000, 0x00000006daf80000, 0x000000076ab00000)
  object space 441856K, 62% used [0x00000006c0000000,0x00000006d0f02480,0x00000006daf80000)
 Metaspace       used 6566K, capacity 7280K, committed 7552K, reserved 1056768K
  class space    used 595K, capacity 616K, committed 640K, reserved 1048576K
}
Event: 66.862 GC heap before
{Heap before GC invocations=16 (full 3):
 PSYoungGen      total 849408K, used 837642K [0x000000076ab00000, 0x00000007a7b00000, 0x00000007c0000000)
  eden space 731136K, 100% used [0x000000076ab00000,0x0000000797500000,0x0000000797500000)
  from space 118272K, 90% used [0x00000007a0580000,0x00000007a6d82a40,0x00000007a7900000)
  to   space 134144K, 0% used [0x0000000797500000,0x0000000797500000,0x000000079f800000)
 ParOldGen       total 441856K, used 277513K [0x00000006c0000000, 0x00000006daf80000, 0x000000076ab00000)
  object space 441856K, 62% used [0x00000006c0000000,0x00000006d0f02480,0x00000006daf80000)
 Metaspace       used 6578K, capacity 7280K, committed 7552K, reserved 1056768K
  class space    used 595K, capacity 616K, committed 640K, reserved 1048576K
Event: 86.850 GC heap after
Heap after GC invocations=16 (full 3):
 PSYoungGen      total 865280K, used 134117K [0x000000076ab00000, 0x00000007bcb80000, 0x00000007c0000000)
  eden space 731136K, 0% used [0x000000076ab00000,0x000000076ab00000,0x0000000797500000)
  from space 134144K, 99% used [0x0000000797500000,0x000000079f7f95e0,0x000000079f800000)
  to   space 188416K, 0% used [0x00000007b1380000,0x00000007b1380000,0x00000007bcb80000)
 ParOldGen       total 441856K, used 361821K [0x00000006c0000000, 0x00000006daf80000, 0x000000076ab00000)
  object space 441856K, 81% used [0x00000006c0000000,0x00000006d61576e0,0x00000006daf80000)
 Metaspace       used 6578K, capacity 7280K, committed 7552K, reserved 1056768K
  class space    used 595K, capacity 616K, committed 640K, reserved 1048576K
}
Event: 98.079 GC heap before
{Heap before GC invocations=17 (full 3):
 PSYoungGen      total 865280K, used 865253K [0x000000076ab00000, 0x00000007bcb80000, 0x00000007c0000000)
  eden space 731136K, 100% used [0x000000076ab00000,0x0000000797500000,0x0000000797500000)
  from space 134144K, 99% used [0x0000000797500000,0x000000079f7f95e0,0x000000079f800000)
  to   space 188416K, 0% used [0x00000007b1380000,0x00000007b1380000,0x00000007bcb80000)
 ParOldGen       total 441856K, used 361821K [0x00000006c0000000, 0x00000006daf80000, 0x000000076ab00000)
  object space 441856K, 81% used [0x00000006c0000000,0x00000006d61576e0,0x00000006daf80000)
 Metaspace       used 6579K, capacity 7280K, committed 7552K, reserved 1056768K
  class space    used 595K, capacity 616K, committed 640K, reserved 1048576K
Event: 137.949 GC heap after
Heap after GC invocations=17 (full 3):
 PSYoungGen      total 1132544K, used 160706K [0x000000076ab00000, 0x00000007c0000000, 0x00000007c0000000)
  eden space 944128K, 0% used [0x000000076ab00000,0x000000076ab00000,0x00000007a4500000)
  from space 188416K, 85% used [0x00000007b1380000,0x00000007bb0708e0,0x00000007bcb80000)
  to   space 211456K, 0% used [0x00000007a4500000,0x00000007a4500000,0x00000007b1380000)
 ParOldGen       total 450048K, used 449736K [0x00000006c0000000, 0x00000006db780000, 0x000000076ab00000)
  object space 450048K, 99% used [0x00000006c0000000,0x00000006db732058,0x00000006db780000)
 Metaspace       used 6579K, capacity 7280K, committed 7552K, reserved 1056768K
  class space    used 595K, capacity 616K, committed 640K, reserved 1048576K
}
Event: 140.029 GC heap before
{Heap before GC invocations=18 (full 4):
 PSYoungGen      total 1132544K, used 160706K [0x000000076ab00000, 0x00000007c0000000, 0x00000007c0000000)
  eden space 944128K, 0% used [0x000000076ab00000,0x000000076ab00000,0x00000007a4500000)
  from space 188416K, 85% used [0x00000007b1380000,0x00000007bb0708e0,0x00000007bcb80000)
  to   space 211456K, 0% used [0x00000007a4500000,0x00000007a4500000,0x00000007b1380000)
 ParOldGen       total 450048K, used 449736K [0x00000006c0000000, 0x00000006db780000, 0x000000076ab00000)
  object space 450048K, 99% used [0x00000006c0000000,0x00000006db732058,0x00000006db780000)
 Metaspace       used 6579K, capacity 7280K, committed 7552K, reserved 1056768K
  class space    used 595K, capacity 616K, committed 640K, reserved 1048576K
Event: 154.880 GC heap after
Heap after GC invocations=18 (full 4):
 PSYoungGen      total 1132544K, used 152006K [0x000000076ab00000, 0x00000007c0000000, 0x00000007c0000000)
  eden space 944128K, 0% used [0x000000076ab00000,0x000000076ab00000,0x00000007a4500000)
  from space 188416K, 80% used [0x00000007b1380000,0x00000007ba7f1ba8,0x00000007bcb80000)
  to   space 211456K, 0% used [0x00000007a4500000,0x00000007a4500000,0x00000007b1380000)
 ParOldGen       total 673792K, used 449597K [0x00000006c0000000, 0x00000006e9200000, 0x000000076ab00000)
  object space 673792K, 66% used [0x00000006c0000000,0x00000006db70f540,0x00000006e9200000)
 Metaspace       used 6579K, capacity 7280K, committed 7552K, reserved 1056768K
  class space    used 595K, capacity 616K, committed 640K, reserved 1048576K
}
Event: 166.357 GC heap before
{Heap before GC invocations=19 (full 4):
 PSYoungGen      total 1132544K, used 1096134K [0x000000076ab00000, 0x00000007c0000000, 0x00000007c0000000)
  eden space 944128K, 100% used [0x000000076ab00000,0x00000007a4500000,0x00000007a4500000)
  from space 188416K, 80% used [0x00000007b1380000,0x00000007ba7f1ba8,0x00000007bcb80000)
  to   space 211456K, 0% used [0x00000007a4500000,0x00000007a4500000,0x00000007b1380000)
 ParOldGen       total 673792K, used 449597K [0x00000006c0000000, 0x00000006e9200000, 0x000000076ab00000)
  object space 673792K, 66% used [0x00000006c0000000,0x00000006db70f540,0x00000006e9200000)
 Metaspace       used 6582K, capacity 7280K, committed 7552K, reserved 1056768K
  class space    used 595K, capacity 616K, committed 640K, reserved 1048576K
Event: 179.062 GC heap after
Heap after GC invocations=19 (full 4):
 PSYoungGen      total 1155584K, used 137336K [0x000000076ab00000, 0x00000007c0000000, 0x00000007c0000000)
  eden space 944128K, 0% used [0x000000076ab00000,0x000000076ab00000,0x00000007a4500000)
  from space 211456K, 64% used [0x00000007a4500000,0x00000007acb1e3a0,0x00000007b1380000)
  to   space 220672K, 0% used [0x00000007b2880000,0x00000007b2880000,0x00000007c0000000)
 ParOldGen       total 673792K, used 599856K [0x00000006c0000000, 0x00000006e9200000, 0x000000076ab00000)
  object space 673792K, 89% used [0x00000006c0000000,0x00000006e49cc048,0x00000006e9200000)
 Metaspace       used 6582K, capacity 7280K, committed 7552K, reserved 1056768K
  class space    used 595K, capacity 616K, committed 640K, reserved 1048576K
}
Event: 180.861 GC heap before
{Heap before GC invocations=20 (full 5):
 PSYoungGen      total 1155584K, used 137336K [0x000000076ab00000, 0x00000007c0000000, 0x00000007c0000000)
  eden space 944128K, 0% used [0x000000076ab00000,0x000000076ab00000,0x00000007a4500000)
  from space 211456K, 64% used [0x00000007a4500000,0x00000007acb1e3a0,0x00000007b1380000)
  to   space 220672K, 0% used [0x00000007b2880000,0x00000007b2880000,0x00000007c0000000)
 ParOldGen       total 673792K, used 599856K [0x00000006c0000000, 0x00000006e9200000, 0x000000076ab00000)
  object space 673792K, 89% used [0x00000006c0000000,0x00000006e49cc048,0x00000006e9200000)
 Metaspace       used 6582K, capacity 7280K, committed 7552K, reserved 1056768K
  class space    used 595K, capacity 616K, committed 640K, reserved 1048576K

