# JRE version: Java(TM) SE Runtime Environment (8.0_91-b14) (build 1.8.0_91-b14)
# Java VM: Java HotSpot(TM) 64-Bit Server VM (25.91-b14 mixed mode linux-amd64 compressed oops)
Heap:
 PSYoungGen      total 1041920K, used 134641K [0x000000076ab00000, 0x00000007b6c80000, 0x00000007c0000000)
  eden space 854528K, 0% used [0x000000076ab00000,0x000000076ab00000,0x000000079ed80000)
  from space 187392K, 71% used [0x000000079ed80000,0x00000007a70fc540,0x00000007aa480000)
  to   space 183296K, 0% used [0x00000007aa480000,0x00000007aa480000,0x00000007b5780000)
 ParOldGen       total 920576K, used 845320K [0x00000006c0000000, 0x00000006f8300000, 0x000000076ab00000)
  object space 920576K, 91% used [0x00000006c0000000,0x00000006f3982340,0x00000006f8300000)
 Metaspace       used 7100K, capacity 7736K, committed 7936K, reserved 1056768K
  class space    used 643K, capacity 688K, committed 768K, reserved 1048576K
GC Heap History (10 events):
Event: 34.598 GC heap after
Heap after GC invocations=21 (full 4):
 PSYoungGen      total 749056K, used 99676K [0x000000076ab00000, 0x00000007a8f80000, 0x00000007c0000000)
  eden space 615936K, 0% used [0x000000076ab00000,0x000000076ab00000,0x0000000790480000)
  from space 133120K, 74% used [0x0000000790480000,0x00000007965d7278,0x0000000798680000)
  to   space 143360K, 0% used [0x00000007a0380000,0x00000007a0380000,0x00000007a8f80000)
 ParOldGen       total 631296K, used 462771K [0x00000006c0000000, 0x00000006e6880000, 0x000000076ab00000)
  object space 631296K, 73% used [0x00000006c0000000,0x00000006dc3ecde0,0x00000006e6880000)
 Metaspace       used 6610K, capacity 7320K, committed 7680K, reserved 1056768K
  class space    used 618K, capacity 656K, committed 768K, reserved 1048576K
}
Event: 39.611 GC heap before
{Heap before GC invocations=22 (full 4):
 PSYoungGen      total 749056K, used 715612K [0x000000076ab00000, 0x00000007a8f80000, 0x00000007c0000000)
  eden space 615936K, 100% used [0x000000076ab00000,0x0000000790480000,0x0000000790480000)
  from space 133120K, 74% used [0x0000000790480000,0x00000007965d7278,0x0000000798680000)
  to   space 143360K, 0% used [0x00000007a0380000,0x00000007a0380000,0x00000007a8f80000)
 ParOldGen       total 631296K, used 462771K [0x00000006c0000000, 0x00000006e6880000, 0x000000076ab00000)
  object space 631296K, 73% used [0x00000006c0000000,0x00000006dc3ecde0,0x00000006e6880000)
 Metaspace       used 6614K, capacity 7320K, committed 7680K, reserved 1056768K
  class space    used 618K, capacity 656K, committed 768K, reserved 1048576K
Event: 46.187 GC heap after
Heap after GC invocations=22 (full 4):
 PSYoungGen      total 837120K, used 143337K [0x000000076ab00000, 0x00000007aef80000, 0x00000007c0000000)
  eden space 693760K, 0% used [0x000000076ab00000,0x000000076ab00000,0x0000000795080000)
  from space 143360K, 99% used [0x00000007a0380000,0x00000007a8f7a510,0x00000007a8f80000)
  to   space 183296K, 0% used [0x0000000795080000,0x0000000795080000,0x00000007a0380000)
 ParOldGen       total 631296K, used 506596K [0x00000006c0000000, 0x00000006e6880000, 0x000000076ab00000)
  object space 631296K, 80% used [0x00000006c0000000,0x00000006deeb93d0,0x00000006e6880000)
 Metaspace       used 6614K, capacity 7320K, committed 7680K, reserved 1056768K
  class space    used 618K, capacity 656K, committed 768K, reserved 1048576K
}
Event: 52.732 GC heap before
{Heap before GC invocations=23 (full 4):
 PSYoungGen      total 837120K, used 837097K [0x000000076ab00000, 0x00000007aef80000, 0x00000007c0000000)
  eden space 693760K, 100% used [0x000000076ab00000,0x0000000795080000,0x0000000795080000)
  from space 143360K, 99% used [0x00000007a0380000,0x00000007a8f7a510,0x00000007a8f80000)
  to   space 183296K, 0% used [0x0000000795080000,0x0000000795080000,0x00000007a0380000)
 ParOldGen       total 631296K, used 506596K [0x00000006c0000000, 0x00000006e6880000, 0x000000076ab00000)
  object space 631296K, 80% used [0x00000006c0000000,0x00000006deeb93d0,0x00000006e6880000)
 Metaspace       used 6673K, capacity 7320K, committed 7680K, reserved 1056768K
  class space    used 622K, capacity 656K, committed 768K, reserved 1048576K
Event: 60.967 GC heap after
Heap after GC invocations=23 (full 4):
 PSYoungGen      total 877056K, used 98423K [0x000000076ab00000, 0x00000007b5780000, 0x00000007c0000000)
  eden space 693760K, 0% used [0x000000076ab00000,0x000000076ab00000,0x0000000795080000)
  from space 183296K, 53% used [0x0000000795080000,0x000000079b09dd78,0x00000007a0380000)
  to   space 183296K, 0% used [0x00000007aa480000,0x00000007aa480000,0x00000007b5780000)
 ParOldGen       total 650240K, used 650213K [0x00000006c0000000, 0x00000006e7b00000, 0x000000076ab00000)
  object space 650240K, 99% used [0x00000006c0000000,0x00000006e7af9610,0x00000006e7b00000)
 Metaspace       used 6673K, capacity 7320K, committed 7680K, reserved 1056768K
  class space    used 622K, capacity 656K, committed 768K, reserved 1048576K
}
Event: 61.296 GC heap before
{Heap before GC invocations=24 (full 5):
 PSYoungGen      total 877056K, used 98423K [0x000000076ab00000, 0x00000007b5780000, 0x00000007c0000000)
  eden space 693760K, 0% used [0x000000076ab00000,0x000000076ab00000,0x0000000795080000)
  from space 183296K, 53% used [0x0000000795080000,0x000000079b09dd78,0x00000007a0380000)
  to   space 183296K, 0% used [0x00000007aa480000,0x00000007aa480000,0x00000007b5780000)
 ParOldGen       total 650240K, used 650213K [0x00000006c0000000, 0x00000006e7b00000, 0x000000076ab00000)
  object space 650240K, 99% used [0x00000006c0000000,0x00000006e7af9610,0x00000006e7b00000)
 Metaspace       used 6673K, capacity 7320K, committed 7680K, reserved 1056768K
  class space    used 622K, capacity 656K, committed 768K, reserved 1048576K
Event: 65.268 GC heap after
Heap after GC invocations=24 (full 5):
 PSYoungGen      total 877056K, used 88103K [0x000000076ab00000, 0x00000007b5780000, 0x00000007c0000000)
  eden space 693760K, 0% used [0x000000076ab00000,0x000000076ab00000,0x0000000795080000)
  from space 183296K, 48% used [0x0000000795080000,0x000000079a689f08,0x00000007a0380000)
  to   space 183296K, 0% used [0x00000007aa480000,0x00000007aa480000,0x00000007b5780000)
 ParOldGen       total 920576K, used 649786K [0x00000006c0000000, 0x00000006f8300000, 0x000000076ab00000)
  object space 920576K, 70% used [0x00000006c0000000,0x00000006e7a8ea90,0x00000006f8300000)
 Metaspace       used 6673K, capacity 7320K, committed 7680K, reserved 1056768K
  class space    used 622K, capacity 656K, committed 768K, reserved 1048576K
}
Event: 69.221 GC heap before
{Heap before GC invocations=25 (full 5):
 PSYoungGen      total 877056K, used 781863K [0x000000076ab00000, 0x00000007b5780000, 0x00000007c0000000)
  eden space 693760K, 100% used [0x000000076ab00000,0x0000000795080000,0x0000000795080000)
  from space 183296K, 48% used [0x0000000795080000,0x000000079a689f08,0x00000007a0380000)
  to   space 183296K, 0% used [0x00000007aa480000,0x00000007aa480000,0x00000007b5780000)
 ParOldGen       total 920576K, used 649786K [0x00000006c0000000, 0x00000006f8300000, 0x000000076ab00000)
  object space 920576K, 70% used [0x00000006c0000000,0x00000006e7a8ea90,0x00000006f8300000)
 Metaspace       used 6934K, capacity 7544K, committed 7680K, reserved 1056768K
  class space    used 640K, capacity 688K, committed 768K, reserved 1048576K
Event: 76.049 GC heap after
Heap after GC invocations=25 (full 5):
 PSYoungGen      total 1037824K, used 112621K [0x000000076ab00000, 0x00000007b6c80000, 0x00000007c0000000)
  eden space 854528K, 0% used [0x000000076ab00000,0x000000076ab00000,0x000000079ed80000)
  from space 183296K, 61% used [0x00000007aa480000,0x00000007b127b5c8,0x00000007b5780000)
  to   space 187392K, 0% used [0x000000079ed80000,0x000000079ed80000,0x00000007aa480000)
 ParOldGen       total 920576K, used 735879K [0x00000006c0000000, 0x00000006f8300000, 0x000000076ab00000)
  object space 920576K, 79% used [0x00000006c0000000,0x00000006ecea1ca8,0x00000006f8300000)
 Metaspace       used 6934K, capacity 7544K, committed 7680K, reserved 1056768K
  class space    used 640K, capacity 688K, committed 768K, reserved 1048576K
}
Event: 79.678 GC heap before
{Heap before GC invocations=26 (full 5):
 PSYoungGen      total 1037824K, used 967149K [0x000000076ab00000, 0x00000007b6c80000, 0x00000007c0000000)
  eden space 854528K, 100% used [0x000000076ab00000,0x000000079ed80000,0x000000079ed80000)
  from space 183296K, 61% used [0x00000007aa480000,0x00000007b127b5c8,0x00000007b5780000)
  to   space 187392K, 0% used [0x000000079ed80000,0x000000079ed80000,0x00000007aa480000)
 ParOldGen       total 920576K, used 735879K [0x00000006c0000000, 0x00000006f8300000, 0x000000076ab00000)
  object space 920576K, 79% used [0x00000006c0000000,0x00000006ecea1ca8,0x00000006f8300000)
 Metaspace       used 7100K, capacity 7736K, committed 7936K, reserved 1056768K
  class space    used 643K, capacity 688K, committed 768K, reserved 1048576K

