# JRE version: OpenJDK Runtime Environment (8.0_112-b06) (build 1.8.0_112-release-b06)
# Java VM: OpenJDK 64-Bit Server VM (25.112-b06 mixed mode linux-amd64 compressed oops)
Heap:
 PSYoungGen      total 575488K, used 72167K [0x000000076ab00000, 0x0000000792380000, 0x00000007c0000000)
  eden space 503296K, 0% used [0x000000076ab00000,0x000000076ab00000,0x0000000789680000)
  from space 72192K, 99% used [0x0000000789680000,0x000000078dcf9f08,0x000000078dd00000)
  to   space 44544K, 0% used [0x000000078f800000,0x000000078f800000,0x0000000792380000)
 ParOldGen       total 243200K, used 212122K [0x00000006c0000000, 0x00000006ced80000, 0x000000076ab00000)
  object space 243200K, 87% used [0x00000006c0000000,0x00000006ccf26a18,0x00000006ced80000)
 Metaspace       used 6544K, capacity 7280K, committed 7552K, reserved 1056768K
  class space    used 595K, capacity 616K, committed 640K, reserved 1048576K
GC Heap History (10 events):
Event: 25.325 GC heap after
Heap after GC invocations=10 (full 0):
 PSYoungGen      total 412160K, used 48121K [0x000000076ab00000, 0x0000000789c80000, 0x00000007c0000000)
  eden space 364032K, 0% used [0x000000076ab00000,0x000000076ab00000,0x0000000780e80000)
  from space 48128K, 99% used [0x0000000784d80000,0x0000000787c7e5e0,0x0000000787c80000)
  to   space 64512K, 0% used [0x0000000780e80000,0x0000000780e80000,0x0000000784d80000)
 ParOldGen       total 84992K, used 81353K [0x00000006c0000000, 0x00000006c5300000, 0x000000076ab00000)
  object space 84992K, 95% used [0x00000006c0000000,0x00000006c4f72750,0x00000006c5300000)
 Metaspace       used 6513K, capacity 7280K, committed 7552K, reserved 1056768K
  class space    used 594K, capacity 616K, committed 640K, reserved 1048576K
}
Event: 25.451 GC heap before
{Heap before GC invocations=11 (full 1):
 PSYoungGen      total 412160K, used 48121K [0x000000076ab00000, 0x0000000789c80000, 0x00000007c0000000)
  eden space 364032K, 0% used [0x000000076ab00000,0x000000076ab00000,0x0000000780e80000)
  from space 48128K, 99% used [0x0000000784d80000,0x0000000787c7e5e0,0x0000000787c80000)
  to   space 64512K, 0% used [0x0000000780e80000,0x0000000780e80000,0x0000000784d80000)
 ParOldGen       total 84992K, used 81353K [0x00000006c0000000, 0x00000006c5300000, 0x000000076ab00000)
  object space 84992K, 95% used [0x00000006c0000000,0x00000006c4f72750,0x00000006c5300000)
 Metaspace       used 6513K, capacity 7280K, committed 7552K, reserved 1056768K
  class space    used 594K, capacity 616K, committed 640K, reserved 1048576K
Event: 27.026 GC heap after
Heap after GC invocations=11 (full 1):
 PSYoungGen      total 412160K, used 39253K [0x000000076ab00000, 0x0000000789c80000, 0x00000007c0000000)
  eden space 364032K, 0% used [0x000000076ab00000,0x000000076ab00000,0x0000000780e80000)
  from space 48128K, 81% used [0x0000000784d80000,0x00000007873d54c8,0x0000000787c80000)
  to   space 64512K, 0% used [0x0000000780e80000,0x0000000780e80000,0x0000000784d80000)
 ParOldGen       total 151552K, used 84509K [0x00000006c0000000, 0x00000006c9400000, 0x000000076ab00000)
  object space 151552K, 55% used [0x00000006c0000000,0x00000006c5287518,0x00000006c9400000)
 Metaspace       used 6513K, capacity 7280K, committed 7552K, reserved 1056768K
  class space    used 594K, capacity 616K, committed 640K, reserved 1048576K
}
Event: 35.993 GC heap before
{Heap before GC invocations=12 (full 1):
 PSYoungGen      total 412160K, used 403285K [0x000000076ab00000, 0x0000000789c80000, 0x00000007c0000000)
  eden space 364032K, 100% used [0x000000076ab00000,0x0000000780e80000,0x0000000780e80000)
  from space 48128K, 81% used [0x0000000784d80000,0x00000007873d54c8,0x0000000787c80000)
  to   space 64512K, 0% used [0x0000000780e80000,0x0000000780e80000,0x0000000784d80000)
 ParOldGen       total 151552K, used 84509K [0x00000006c0000000, 0x00000006c9400000, 0x000000076ab00000)
  object space 151552K, 55% used [0x00000006c0000000,0x00000006c5287518,0x00000006c9400000)
 Metaspace       used 6532K, capacity 7280K, committed 7552K, reserved 1056768K
  class space    used 595K, capacity 616K, committed 640K, reserved 1048576K
Event: 43.808 GC heap after
Heap after GC invocations=12 (full 1):
 PSYoungGen      total 428544K, used 47598K [0x000000076ab00000, 0x0000000793c00000, 0x00000007c0000000)
  eden space 364032K, 0% used [0x000000076ab00000,0x000000076ab00000,0x0000000780e80000)
  from space 64512K, 73% used [0x0000000780e80000,0x0000000783cfbb18,0x0000000784d80000)
  to   space 69632K, 0% used [0x000000078f800000,0x000000078f800000,0x0000000793c00000)
 ParOldGen       total 151552K, used 123336K [0x00000006c0000000, 0x00000006c9400000, 0x000000076ab00000)
  object space 151552K, 81% used [0x00000006c0000000,0x00000006c7872018,0x00000006c9400000)
 Metaspace       used 6532K, capacity 7280K, committed 7552K, reserved 1056768K
  class space    used 595K, capacity 616K, committed 640K, reserved 1048576K
}
Event: 43.808 GC heap before
{Heap before GC invocations=13 (full 2):
 PSYoungGen      total 428544K, used 47598K [0x000000076ab00000, 0x0000000793c00000, 0x00000007c0000000)
  eden space 364032K, 0% used [0x000000076ab00000,0x000000076ab00000,0x0000000780e80000)
  from space 64512K, 73% used [0x0000000780e80000,0x0000000783cfbb18,0x0000000784d80000)
  to   space 69632K, 0% used [0x000000078f800000,0x000000078f800000,0x0000000793c00000)
 ParOldGen       total 151552K, used 123336K [0x00000006c0000000, 0x00000006c9400000, 0x000000076ab00000)
  object space 151552K, 81% used [0x00000006c0000000,0x00000006c7872018,0x00000006c9400000)
 Metaspace       used 6532K, capacity 7280K, committed 7552K, reserved 1056768K
  class space    used 595K, capacity 616K, committed 640K, reserved 1048576K
Event: 46.841 GC heap after
Heap after GC invocations=13 (full 2):
 PSYoungGen      total 428544K, used 16578K [0x000000076ab00000, 0x0000000793c00000, 0x00000007c0000000)
  eden space 364032K, 0% used [0x000000076ab00000,0x000000076ab00000,0x0000000780e80000)
  from space 64512K, 25% used [0x0000000780e80000,0x0000000781eb0998,0x0000000784d80000)
  to   space 69632K, 0% used [0x000000078f800000,0x000000078f800000,0x0000000793c00000)
 ParOldGen       total 243200K, used 151512K [0x00000006c0000000, 0x00000006ced80000, 0x000000076ab00000)
  object space 243200K, 62% used [0x00000006c0000000,0x00000006c93f61f0,0x00000006ced80000)
 Metaspace       used 6532K, capacity 7280K, committed 7552K, reserved 1056768K
  class space    used 595K, capacity 616K, committed 640K, reserved 1048576K
}
Event: 52.927 GC heap before
{Heap before GC invocations=14 (full 2):
 PSYoungGen      total 428544K, used 380610K [0x000000076ab00000, 0x0000000793c00000, 0x00000007c0000000)
  eden space 364032K, 100% used [0x000000076ab00000,0x0000000780e80000,0x0000000780e80000)
  from space 64512K, 25% used [0x0000000780e80000,0x0000000781eb0998,0x0000000784d80000)
  to   space 69632K, 0% used [0x000000078f800000,0x000000078f800000,0x0000000793c00000)
 ParOldGen       total 243200K, used 151512K [0x00000006c0000000, 0x00000006ced80000, 0x000000076ab00000)
  object space 243200K, 62% used [0x00000006c0000000,0x00000006c93f61f0,0x00000006ced80000)
 Metaspace       used 6536K, capacity 7280K, committed 7552K, reserved 1056768K
  class space    used 595K, capacity 616K, committed 640K, reserved 1048576K
Event: 54.267 GC heap after
Heap after GC invocations=14 (full 2):
 PSYoungGen      total 547840K, used 43616K [0x000000076ab00000, 0x0000000792380000, 0x00000007c0000000)
  eden space 503296K, 0% used [0x000000076ab00000,0x000000076ab00000,0x0000000789680000)
  from space 44544K, 97% used [0x000000078f800000,0x0000000792298258,0x0000000792380000)
  to   space 72192K, 0% used [0x0000000789680000,0x0000000789680000,0x000000078dd00000)
 ParOldGen       total 243200K, used 167022K [0x00000006c0000000, 0x00000006ced80000, 0x000000076ab00000)
  object space 243200K, 68% used [0x00000006c0000000,0x00000006ca31b920,0x00000006ced80000)
 Metaspace       used 6536K, capacity 7280K, committed 7552K, reserved 1056768K
  class space    used 595K, capacity 616K, committed 640K, reserved 1048576K
}
Event: 65.487 GC heap before
{Heap before GC invocations=15 (full 2):
 PSYoungGen      total 547840K, used 546912K [0x000000076ab00000, 0x0000000792380000, 0x00000007c0000000)
  eden space 503296K, 100% used [0x000000076ab00000,0x0000000789680000,0x0000000789680000)
  from space 44544K, 97% used [0x000000078f800000,0x0000000792298258,0x0000000792380000)
  to   space 72192K, 0% used [0x0000000789680000,0x0000000789680000,0x000000078dd00000)
 ParOldGen       total 243200K, used 167022K [0x00000006c0000000, 0x00000006ced80000, 0x000000076ab00000)
  object space 243200K, 68% used [0x00000006c0000000,0x00000006ca31b920,0x00000006ced80000)
 Metaspace       used 6544K, capacity 7280K, committed 7552K, reserved 1056768K
  class space    used 595K, capacity 616K, committed 640K, reserved 1048576K

