# JRE version: OpenJDK Runtime Environment (8.0_112-b06) (build 1.8.0_112-release-b06)
# Java VM: OpenJDK 64-Bit Server VM (25.112-b06 mixed mode linux-amd64 compressed oops)
Heap:
 PSYoungGen      total 1122304K, used 0K [0x000000076ab00000, 0x00000007c0000000, 0x00000007c0000000)
  eden space 831488K, 0% used [0x000000076ab00000,0x000000076ab00000,0x000000079d700000)
  from space 290816K, 0% used [0x00000007ae400000,0x00000007ae400000,0x00000007c0000000)
  to   space 275456K, 0% used [0x000000079d700000,0x000000079d700000,0x00000007ae400000)
 ParOldGen       total 981504K, used 694649K [0x00000006c0000000, 0x00000006fbe80000, 0x000000076ab00000)
  object space 981504K, 70% used [0x00000006c0000000,0x00000006ea65e4f0,0x00000006fbe80000)
 Metaspace       used 7474K, capacity 7864K, committed 8192K, reserved 1056768K
  class space    used 656K, capacity 688K, committed 768K, reserved 1048576K
GC Heap History (10 events):
Event: 25.959 GC heap after
Heap after GC invocations=19 (full 4):
 PSYoungGen      total 1008640K, used 217596K [0x000000076ab00000, 0x00000007c0000000, 0x00000007c0000000)
  eden space 791040K, 0% used [0x000000076ab00000,0x000000076ab00000,0x000000079af80000)
  from space 217600K, 99% used [0x000000079af80000,0x00000007a83ff248,0x00000007a8400000)
  to   space 265216K, 0% used [0x00000007afd00000,0x00000007afd00000,0x00000007c0000000)
 ParOldGen       total 694784K, used 481087K [0x00000006c0000000, 0x00000006ea680000, 0x000000076ab00000)
  object space 694784K, 69% used [0x00000006c0000000,0x00000006dd5cffa0,0x00000006ea680000)
 Metaspace       used 6558K, capacity 7280K, committed 7552K, reserved 1056768K
  class space    used 595K, capacity 616K, committed 640K, reserved 1048576K
}
Event: 34.565 GC heap before
{Heap before GC invocations=20 (full 4):
 PSYoungGen      total 1008640K, used 1008636K [0x000000076ab00000, 0x00000007c0000000, 0x00000007c0000000)
  eden space 791040K, 100% used [0x000000076ab00000,0x000000079af80000,0x000000079af80000)
  from space 217600K, 99% used [0x000000079af80000,0x00000007a83ff248,0x00000007a8400000)
  to   space 265216K, 0% used [0x00000007afd00000,0x00000007afd00000,0x00000007c0000000)
 ParOldGen       total 694784K, used 481087K [0x00000006c0000000, 0x00000006ea680000, 0x000000076ab00000)
  object space 694784K, 69% used [0x00000006c0000000,0x00000006dd5cffa0,0x00000006ea680000)
 Metaspace       used 6675K, capacity 7346K, committed 7552K, reserved 1056768K
  class space    used 603K, capacity 618K, committed 640K, reserved 1048576K
Event: 61.553 GC heap after
Heap after GC invocations=20 (full 4):
 PSYoungGen      total 1084416K, used 203927K [0x000000076ab00000, 0x00000007c0000000, 0x00000007c0000000)
  eden space 819200K, 0% used [0x000000076ab00000,0x000000076ab00000,0x000000079cb00000)
  from space 265216K, 76% used [0x00000007afd00000,0x00000007bc425c48,0x00000007c0000000)
  to   space 289280K, 0% used [0x000000079cb00000,0x000000079cb00000,0x00000007ae580000)
 ParOldGen       total 694784K, used 608473K [0x00000006c0000000, 0x00000006ea680000, 0x000000076ab00000)
  object space 694784K, 87% used [0x00000006c0000000,0x00000006e52365c0,0x00000006ea680000)
 Metaspace       used 6675K, capacity 7346K, committed 7552K, reserved 1056768K
  class space    used 603K, capacity 618K, committed 640K, reserved 1048576K
}
Event: 62.917 GC heap before
{Heap before GC invocations=21 (full 5):
 PSYoungGen      total 1084416K, used 203927K [0x000000076ab00000, 0x00000007c0000000, 0x00000007c0000000)
  eden space 819200K, 0% used [0x000000076ab00000,0x000000076ab00000,0x000000079cb00000)
  from space 265216K, 76% used [0x00000007afd00000,0x00000007bc425c48,0x00000007c0000000)
  to   space 289280K, 0% used [0x000000079cb00000,0x000000079cb00000,0x00000007ae580000)
 ParOldGen       total 694784K, used 608473K [0x00000006c0000000, 0x00000006ea680000, 0x000000076ab00000)
  object space 694784K, 87% used [0x00000006c0000000,0x00000006e52365c0,0x00000006ea680000)
 Metaspace       used 6675K, capacity 7346K, committed 7552K, reserved 1056768K
  class space    used 603K, capacity 618K, committed 640K, reserved 1048576K
Event: 67.787 GC heap after
Heap after GC invocations=21 (full 5):
 PSYoungGen      total 1084416K, used 103273K [0x000000076ab00000, 0x00000007c0000000, 0x00000007c0000000)
  eden space 819200K, 0% used [0x000000076ab00000,0x000000076ab00000,0x000000079cb00000)
  from space 265216K, 38% used [0x00000007afd00000,0x00000007b61da6e8,0x00000007c0000000)
  to   space 289280K, 0% used [0x000000079cb00000,0x000000079cb00000,0x00000007ae580000)
 ParOldGen       total 981504K, used 694382K [0x00000006c0000000, 0x00000006fbe80000, 0x000000076ab00000)
  object space 981504K, 70% used [0x00000006c0000000,0x00000006ea61b948,0x00000006fbe80000)
 Metaspace       used 6675K, capacity 7346K, committed 7552K, reserved 1056768K
  class space    used 603K, capacity 618K, committed 640K, reserved 1048576K
}
Event: 77.778 GC heap before
{Heap before GC invocations=22 (full 5):
 PSYoungGen      total 1084416K, used 922473K [0x000000076ab00000, 0x00000007c0000000, 0x00000007c0000000)
  eden space 819200K, 100% used [0x000000076ab00000,0x000000079cb00000,0x000000079cb00000)
  from space 265216K, 38% used [0x00000007afd00000,0x00000007b61da6e8,0x00000007c0000000)
  to   space 289280K, 0% used [0x000000079cb00000,0x000000079cb00000,0x00000007ae580000)
 ParOldGen       total 981504K, used 694382K [0x00000006c0000000, 0x00000006fbe80000, 0x000000076ab00000)
  object space 981504K, 70% used [0x00000006c0000000,0x00000006ea61b948,0x00000006fbe80000)
 Metaspace       used 7115K, capacity 7764K, committed 7936K, reserved 1056768K
  class space    used 622K, capacity 652K, committed 768K, reserved 1048576K
Event: 78.403 GC heap after
Heap after GC invocations=22 (full 5):
 PSYoungGen      total 979456K, used 159752K [0x000000076ab00000, 0x00000007c0000000, 0x00000007c0000000)
  eden space 819200K, 0% used [0x000000076ab00000,0x000000076ab00000,0x000000079cb00000)
  from space 160256K, 99% used [0x000000079cb00000,0x00000007a6702058,0x00000007a6780000)
  to   space 290816K, 0% used [0x00000007ae400000,0x00000007ae400000,0x00000007c0000000)
 ParOldGen       total 981504K, used 780689K [0x00000006c0000000, 0x00000006fbe80000, 0x000000076ab00000)
  object space 981504K, 79% used [0x00000006c0000000,0x00000006efa646d8,0x00000006fbe80000)
 Metaspace       used 7115K, capacity 7764K, committed 7936K, reserved 1056768K
  class space    used 622K, capacity 652K, committed 768K, reserved 1048576K
}
Event: 83.997 GC heap before
{Heap before GC invocations=23 (full 5):
 PSYoungGen      total 979456K, used 978952K [0x000000076ab00000, 0x00000007c0000000, 0x00000007c0000000)
  eden space 819200K, 100% used [0x000000076ab00000,0x000000079cb00000,0x000000079cb00000)
  from space 160256K, 99% used [0x000000079cb00000,0x00000007a6702058,0x00000007a6780000)
  to   space 290816K, 0% used [0x00000007ae400000,0x00000007ae400000,0x00000007c0000000)
 ParOldGen       total 981504K, used 780689K [0x00000006c0000000, 0x00000006fbe80000, 0x000000076ab00000)
  object space 981504K, 79% used [0x00000006c0000000,0x00000006efa646d8,0x00000006fbe80000)
 Metaspace       used 7474K, capacity 7864K, committed 8192K, reserved 1056768K
  class space    used 656K, capacity 688K, committed 768K, reserved 1048576K
Event: 89.991 GC heap after
Heap after GC invocations=23 (full 5):
 PSYoungGen      total 1122304K, used 117396K [0x000000076ab00000, 0x00000007c0000000, 0x00000007c0000000)
  eden space 831488K, 0% used [0x000000076ab00000,0x000000076ab00000,0x000000079d700000)
  from space 290816K, 40% used [0x00000007ae400000,0x00000007b56a5220,0x00000007c0000000)
  to   space 275456K, 0% used [0x000000079d700000,0x000000079d700000,0x00000007ae400000)
 ParOldGen       total 981504K, used 937950K [0x00000006c0000000, 0x00000006fbe80000, 0x000000076ab00000)
  object space 981504K, 95% used [0x00000006c0000000,0x00000006f93f7ac8,0x00000006fbe80000)
 Metaspace       used 7474K, capacity 7864K, committed 8192K, reserved 1056768K
  class space    used 656K, capacity 688K, committed 768K, reserved 1048576K
}
Event: 89.991 GC heap before
{Heap before GC invocations=24 (full 6):
 PSYoungGen      total 1122304K, used 117396K [0x000000076ab00000, 0x00000007c0000000, 0x00000007c0000000)
  eden space 831488K, 0% used [0x000000076ab00000,0x000000076ab00000,0x000000079d700000)
  from space 290816K, 40% used [0x00000007ae400000,0x00000007b56a5220,0x00000007c0000000)
  to   space 275456K, 0% used [0x000000079d700000,0x000000079d700000,0x00000007ae400000)
 ParOldGen       total 981504K, used 937950K [0x00000006c0000000, 0x00000006fbe80000, 0x000000076ab00000)
  object space 981504K, 95% used [0x00000006c0000000,0x00000006f93f7ac8,0x00000006fbe80000)
 Metaspace       used 7474K, capacity 7864K, committed 8192K, reserved 1056768K
  class space    used 656K, capacity 688K, committed 768K, reserved 1048576K

