# JRE version: OpenJDK Runtime Environment (8.0_112-b06) (build 1.8.0_112-release-b06)
# Java VM: OpenJDK 64-Bit Server VM (25.112-b06 mixed mode linux-amd64 compressed oops)
Heap:
 PSYoungGen      total 1049088K, used 131511K [0x000000076ab00000, 0x00000007c0000000, 0x00000007c0000000)
  eden space 895488K, 0% used [0x000000076ab00000,0x000000076ab00000,0x00000007a1580000)
  from space 153600K, 85% used [0x00000007a1580000,0x00000007a95edec0,0x00000007aab80000)
  to   space 173056K, 0% used [0x00000007b5700000,0x00000007b5700000,0x00000007c0000000)
 ParOldGen       total 532480K, used 532045K [0x00000006c0000000, 0x00000006e0800000, 0x000000076ab00000)
  object space 532480K, 99% used [0x00000006c0000000,0x00000006e0793588,0x00000006e0800000)
 Metaspace       used 6576K, capacity 7280K, committed 7552K, reserved 1056768K
  class space    used 595K, capacity 616K, committed 640K, reserved 1048576K
GC Heap History (10 events):
Event: 131.083 GC heap after
Heap after GC invocations=17 (full 3):
 PSYoungGen      total 757248K, used 61952K [0x000000076ab00000, 0x000000079fe00000, 0x00000007c0000000)
  eden space 657920K, 0% used [0x000000076ab00000,0x000000076ab00000,0x0000000792d80000)
  from space 99328K, 62% used [0x0000000799200000,0x000000079ce80080,0x000000079f300000)
  to   space 102912K, 0% used [0x0000000792d80000,0x0000000792d80000,0x0000000799200000)
 ParOldGen       total 358400K, used 277592K [0x00000006c0000000, 0x00000006d5e00000, 0x000000076ab00000)
  object space 358400K, 77% used [0x00000006c0000000,0x00000006d0f16020,0x00000006d5e00000)
 Metaspace       used 6560K, capacity 7280K, committed 7552K, reserved 1056768K
  class space    used 595K, capacity 616K, committed 640K, reserved 1048576K
}
Event: 148.853 GC heap before
{Heap before GC invocations=18 (full 3):
 PSYoungGen      total 757248K, used 719872K [0x000000076ab00000, 0x000000079fe00000, 0x00000007c0000000)
  eden space 657920K, 100% used [0x000000076ab00000,0x0000000792d80000,0x0000000792d80000)
  from space 99328K, 62% used [0x0000000799200000,0x000000079ce80080,0x000000079f300000)
  to   space 102912K, 0% used [0x0000000792d80000,0x0000000792d80000,0x0000000799200000)
 ParOldGen       total 358400K, used 277592K [0x00000006c0000000, 0x00000006d5e00000, 0x000000076ab00000)
  object space 358400K, 77% used [0x00000006c0000000,0x00000006d0f16020,0x00000006d5e00000)
 Metaspace       used 6568K, capacity 7280K, committed 7552K, reserved 1056768K
  class space    used 595K, capacity 616K, committed 640K, reserved 1048576K
Event: 162.315 GC heap after
Heap after GC invocations=18 (full 3):
 PSYoungGen      total 760832K, used 102888K [0x000000076ab00000, 0x00000007b3680000, 0x00000007c0000000)
  eden space 657920K, 0% used [0x000000076ab00000,0x000000076ab00000,0x0000000792d80000)
  from space 102912K, 99% used [0x0000000792d80000,0x00000007991fa230,0x0000000799200000)
  to   space 142336K, 0% used [0x00000007aab80000,0x00000007aab80000,0x00000007b3680000)
 ParOldGen       total 358400K, used 337287K [0x00000006c0000000, 0x00000006d5e00000, 0x000000076ab00000)
  object space 358400K, 94% used [0x00000006c0000000,0x00000006d4961c68,0x00000006d5e00000)
 Metaspace       used 6568K, capacity 7280K, committed 7552K, reserved 1056768K
  class space    used 595K, capacity 616K, committed 640K, reserved 1048576K
}
Event: 164.382 GC heap before
{Heap before GC invocations=19 (full 4):
 PSYoungGen      total 760832K, used 102888K [0x000000076ab00000, 0x00000007b3680000, 0x00000007c0000000)
  eden space 657920K, 0% used [0x000000076ab00000,0x000000076ab00000,0x0000000792d80000)
  from space 102912K, 99% used [0x0000000792d80000,0x00000007991fa230,0x0000000799200000)
  to   space 142336K, 0% used [0x00000007aab80000,0x00000007aab80000,0x00000007b3680000)
 ParOldGen       total 358400K, used 337287K [0x00000006c0000000, 0x00000006d5e00000, 0x000000076ab00000)
  object space 358400K, 94% used [0x00000006c0000000,0x00000006d4961c68,0x00000006d5e00000)
 Metaspace       used 6568K, capacity 7280K, committed 7552K, reserved 1056768K
  class space    used 595K, capacity 616K, committed 640K, reserved 1048576K
Event: 166.903 GC heap after
Heap after GC invocations=19 (full 4):
 PSYoungGen      total 760832K, used 74317K [0x000000076ab00000, 0x00000007b3680000, 0x00000007c0000000)
  eden space 657920K, 0% used [0x000000076ab00000,0x000000076ab00000,0x0000000792d80000)
  from space 102912K, 72% used [0x0000000792d80000,0x0000000797613400,0x0000000799200000)
  to   space 142336K, 0% used [0x00000007aab80000,0x00000007aab80000,0x00000007b3680000)
 ParOldGen       total 507904K, used 358137K [0x00000006c0000000, 0x00000006df000000, 0x000000076ab00000)
  object space 507904K, 70% used [0x00000006c0000000,0x00000006d5dbe460,0x00000006df000000)
 Metaspace       used 6568K, capacity 7280K, committed 7552K, reserved 1056768K
  class space    used 595K, capacity 616K, committed 640K, reserved 1048576K
}
Event: 181.277 GC heap before
{Heap before GC invocations=20 (full 4):
 PSYoungGen      total 760832K, used 732237K [0x000000076ab00000, 0x00000007b3680000, 0x00000007c0000000)
  eden space 657920K, 100% used [0x000000076ab00000,0x0000000792d80000,0x0000000792d80000)
  from space 102912K, 72% used [0x0000000792d80000,0x0000000797613400,0x0000000799200000)
  to   space 142336K, 0% used [0x00000007aab80000,0x00000007aab80000,0x00000007b3680000)
 ParOldGen       total 507904K, used 358137K [0x00000006c0000000, 0x00000006df000000, 0x000000076ab00000)
  object space 507904K, 70% used [0x00000006c0000000,0x00000006d5dbe460,0x00000006df000000)
 Metaspace       used 6576K, capacity 7280K, committed 7552K, reserved 1056768K
  class space    used 595K, capacity 616K, committed 640K, reserved 1048576K
Event: 196.800 GC heap after
Heap after GC invocations=20 (full 4):
 PSYoungGen      total 1037824K, used 105042K [0x000000076ab00000, 0x00000007b6d80000, 0x00000007c0000000)
  eden space 895488K, 0% used [0x000000076ab00000,0x000000076ab00000,0x00000007a1580000)
  from space 142336K, 73% used [0x00000007aab80000,0x00000007b1214a28,0x00000007b3680000)
  to   space 153600K, 0% used [0x00000007a1580000,0x00000007a1580000,0x00000007aab80000)
 ParOldGen       total 507904K, used 429979K [0x00000006c0000000, 0x00000006df000000, 0x000000076ab00000)
  object space 507904K, 84% used [0x00000006c0000000,0x00000006da3e6cc8,0x00000006df000000)
 Metaspace       used 6576K, capacity 7280K, committed 7552K, reserved 1056768K
  class space    used 595K, capacity 616K, committed 640K, reserved 1048576K
}
Event: 229.727 GC heap before
{Heap before GC invocations=21 (full 4):
 PSYoungGen      total 1037824K, used 1000530K [0x000000076ab00000, 0x00000007b6d80000, 0x00000007c0000000)
  eden space 895488K, 100% used [0x000000076ab00000,0x00000007a1580000,0x00000007a1580000)
  from space 142336K, 73% used [0x00000007aab80000,0x00000007b1214a28,0x00000007b3680000)
  to   space 153600K, 0% used [0x00000007a1580000,0x00000007a1580000,0x00000007aab80000)
 ParOldGen       total 507904K, used 429979K [0x00000006c0000000, 0x00000006df000000, 0x000000076ab00000)
  object space 507904K, 84% used [0x00000006c0000000,0x00000006da3e6cc8,0x00000006df000000)
 Metaspace       used 6576K, capacity 7280K, committed 7552K, reserved 1056768K
  class space    used 595K, capacity 616K, committed 640K, reserved 1048576K
Event: 265.511 GC heap after
Heap after GC invocations=21 (full 4):
 PSYoungGen      total 1049088K, used 134882K [0x000000076ab00000, 0x00000007c0000000, 0x00000007c0000000)
  eden space 895488K, 0% used [0x000000076ab00000,0x000000076ab00000,0x00000007a1580000)
  from space 153600K, 87% used [0x00000007a1580000,0x00000007a9938a60,0x00000007aab80000)
  to   space 173056K, 0% used [0x00000007b5700000,0x00000007b5700000,0x00000007c0000000)
 ParOldGen       total 532480K, used 532117K [0x00000006c0000000, 0x00000006e0800000, 0x000000076ab00000)
  object space 532480K, 99% used [0x00000006c0000000,0x00000006e07a5540,0x00000006e0800000)
 Metaspace       used 6576K, capacity 7280K, committed 7552K, reserved 1056768K
  class space    used 595K, capacity 616K, committed 640K, reserved 1048576K
}
Event: 266.312 GC heap before
{Heap before GC invocations=22 (full 5):
 PSYoungGen      total 1049088K, used 134882K [0x000000076ab00000, 0x00000007c0000000, 0x00000007c0000000)
  eden space 895488K, 0% used [0x000000076ab00000,0x000000076ab00000,0x00000007a1580000)
  from space 153600K, 87% used [0x00000007a1580000,0x00000007a9938a60,0x00000007aab80000)
  to   space 173056K, 0% used [0x00000007b5700000,0x00000007b5700000,0x00000007c0000000)
 ParOldGen       total 532480K, used 532117K [0x00000006c0000000, 0x00000006e0800000, 0x000000076ab00000)
  object space 532480K, 99% used [0x00000006c0000000,0x00000006e07a5540,0x00000006e0800000)
 Metaspace       used 6576K, capacity 7280K, committed 7552K, reserved 1056768K
  class space    used 595K, capacity 616K, committed 640K, reserved 1048576K

